Running 60s test @ http://localhost:3000/naver?query=nike
2 connections


┌─────────┬───────┬───────┬───────┬───────┬──────────┬─────────┬───────┐
│ Stat    │ 2.5%  │ 50%   │ 97.5% │ 99%   │ Avg      │ Stdev   │ Max   │
├─────────┼───────┼───────┼───────┼───────┼──────────┼─────────┼───────┤
│ Latency │ 55 ms │ 61 ms │ 77 ms │ 85 ms │ 62.21 ms │ 5.34 ms │ 98 ms │
└─────────┴───────┴───────┴───────┴───────┴──────────┴─────────┴───────┘
┌───────────┬─────┬──────┬─────────┬─────────┬─────────┬─────────┬────────┐
│ Stat      │ 1%  │ 2.5% │ 50%     │ 97.5%   │ Avg     │ Stdev   │ Min    │
├───────────┼─────┼──────┼─────────┼─────────┼─────────┼─────────┼────────┤
│ Req/Sec   │ 0   │ 0    │ 32      │ 34      │ 21.37   │ 15.1    │ 2      │
├───────────┼─────┼──────┼─────────┼─────────┼─────────┼─────────┼────────┤
│ Bytes/Sec │ 0 B │ 0 B  │ 4.35 MB │ 4.63 MB │ 2.91 MB │ 2.05 MB │ 272 kB │
└───────────┴─────┴──────┴─────────┴─────────┴─────────┴─────────┴────────┘

Req/Bytes counts sampled once per second.
# of samples: 60

1k requests in 60.32s, 174 MB read
4 errors (4 timeouts)
Running 60s test @ http://localhost:3000/naver?query=nike
2 connections


┌─────────┬──────┬───────┬───────┬───────┬──────────┬───────────┬─────────┐
│ Stat    │ 2.5% │ 50%   │ 97.5% │ 99%   │ Avg      │ Stdev     │ Max     │
├─────────┼──────┼───────┼───────┼───────┼──────────┼───────────┼─────────┤
│ Latency │ 8 ms │ 57 ms │ 68 ms │ 74 ms │ 44.12 ms │ 135.51 ms │ 6677 ms │
└─────────┴──────┴───────┴───────┴───────┴──────────┴───────────┴─────────┘
┌───────────┬─────┬──────┬─────────┬─────────┬─────────┬─────────┬────────┐
│ Stat      │ 1%  │ 2.5% │ 50%     │ 97.5%   │ Avg     │ Stdev   │ Min    │
├───────────┼─────┼──────┼─────────┼─────────┼─────────┼─────────┼────────┤
│ Req/Sec   │ 0   │ 0    │ 32      │ 200     │ 41.25   │ 41.32   │ 14     │
├───────────┼─────┼──────┼─────────┼─────────┼─────────┼─────────┼────────┤
│ Bytes/Sec │ 0 B │ 0 B  │ 4.35 MB │ 27.2 MB │ 5.61 MB │ 5.62 MB │ 1.9 MB │
└───────────┴─────┴──────┴─────────┴─────────┴─────────┴─────────┴────────┘

Req/Bytes counts sampled once per second.
# of samples: 60

2k requests in 60.34s, 336 MB read
1 errors (1 timeouts)
Running 60s test @ http://localhost:3000/naver?query=lamp
2 connections


┌─────────┬──────┬───────┬───────┬───────┬──────────┬───────────┬─────────┐
│ Stat    │ 2.5% │ 50%   │ 97.5% │ 99%   │ Avg      │ Stdev     │ Max     │
├─────────┼──────┼───────┼───────┼───────┼──────────┼───────────┼─────────┤
│ Latency │ 8 ms │ 57 ms │ 68 ms │ 74 ms │ 44.78 ms │ 129.31 ms │ 4738 ms │
└─────────┴──────┴───────┴───────┴───────┴──────────┴───────────┴─────────┘
┌───────────┬─────┬──────┬─────────┬─────────┬─────────┬─────────┬─────────┐
│ Stat      │ 1%  │ 2.5% │ 50%     │ 97.5%   │ Avg     │ Stdev   │ Min     │
├───────────┼─────┼──────┼─────────┼─────────┼─────────┼─────────┼─────────┤
│ Req/Sec   │ 0   │ 0    │ 33      │ 196     │ 44.34   │ 40.94   │ 14      │
├───────────┼─────┼──────┼─────────┼─────────┼─────────┼─────────┼─────────┤
│ Bytes/Sec │ 0 B │ 0 B  │ 4.61 MB │ 27.4 MB │ 6.19 MB │ 5.72 MB │ 1.96 MB │
└───────────┴─────┴──────┴─────────┴─────────┴─────────┴─────────┴─────────┘

Req/Bytes counts sampled once per second.
# of samples: 60

3k requests in 60.34s, 372 MB read
Running 60s test @ http://localhost:3000/naver?query=samsung
2 connections


┌─────────┬───────┬───────┬───────┬───────┬──────────┬───────────┬─────────┐
│ Stat    │ 2.5%  │ 50%   │ 97.5% │ 99%   │ Avg      │ Stdev     │ Max     │
├─────────┼───────┼───────┼───────┼───────┼──────────┼───────────┼─────────┤
│ Latency │ 10 ms │ 59 ms │ 70 ms │ 74 ms │ 50.32 ms │ 119.32 ms │ 4215 ms │
└─────────┴───────┴───────┴───────┴───────┴──────────┴───────────┴─────────┘
┌───────────┬─────┬──────┬────────┬─────────┬─────────┬─────────┬────────┐
│ Stat      │ 1%  │ 2.5% │ 50%    │ 97.5%   │ Avg     │ Stdev   │ Min    │
├───────────┼─────┼──────┼────────┼─────────┼─────────┼─────────┼────────┤
│ Req/Sec   │ 0   │ 0    │ 32     │ 159     │ 39.55   │ 30.63   │ 2      │
├───────────┼─────┼──────┼────────┼─────────┼─────────┼─────────┼────────┤
│ Bytes/Sec │ 0 B │ 0 B  │ 5.8 MB │ 28.8 MB │ 7.17 MB │ 5.55 MB │ 361 kB │
└───────────┴─────┴──────┴────────┴─────────┴─────────┴─────────┴────────┘

Req/Bytes counts sampled once per second.
# of samples: 60

2k requests in 60.39s, 430 MB read
Running 60s test @ http://localhost:3000/naver?query=chair
2 connections


┌─────────┬──────┬───────┬───────┬───────┬──────────┬───────────┬─────────┐
│ Stat    │ 2.5% │ 50%   │ 97.5% │ 99%   │ Avg      │ Stdev     │ Max     │
├─────────┼──────┼───────┼───────┼───────┼──────────┼───────────┼─────────┤
│ Latency │ 9 ms │ 61 ms │ 67 ms │ 73 ms │ 61.87 ms │ 170.32 ms │ 5667 ms │
└─────────┴──────┴───────┴───────┴───────┴──────────┴───────────┴─────────┘
┌───────────┬─────┬──────┬─────────┬─────────┬─────────┬─────────┬────────┐
│ Stat      │ 1%  │ 2.5% │ 50%     │ 97.5%   │ Avg     │ Stdev   │ Min    │
├───────────┼─────┼──────┼─────────┼─────────┼─────────┼─────────┼────────┤
│ Req/Sec   │ 0   │ 0    │ 32      │ 36      │ 32.25   │ 21.01   │ 2      │
├───────────┼─────┼──────┼─────────┼─────────┼─────────┼─────────┼────────┤
│ Bytes/Sec │ 0 B │ 0 B  │ 4.68 MB │ 5.26 MB │ 4.71 MB │ 3.07 MB │ 292 kB │
└───────────┴─────┴──────┴─────────┴─────────┴─────────┴─────────┴────────┘

Req/Bytes counts sampled once per second.
# of samples: 60

2k requests in 60.42s, 283 MB read
Running 60s test @ http://localhost:3000/naver?query=ps5
2 connections


┌─────────┬───────┬───────┬───────┬───────┬─────────┬───────────┬─────────┐
│ Stat    │ 2.5%  │ 50%   │ 97.5% │ 99%   │ Avg     │ Stdev     │ Max     │
├─────────┼───────┼───────┼───────┼───────┼─────────┼───────────┼─────────┤
│ Latency │ 56 ms │ 62 ms │ 80 ms │ 88 ms │ 69.2 ms │ 185.85 ms │ 6199 ms │
└─────────┴───────┴───────┴───────┴───────┴─────────┴───────────┴─────────┘
┌───────────┬─────┬──────┬─────────┬─────────┬─────────┬─────────┬─────────┐
│ Stat      │ 1%  │ 2.5% │ 50%     │ 97.5%   │ Avg     │ Stdev   │ Min     │
├───────────┼─────┼──────┼─────────┼─────────┼─────────┼─────────┼─────────┤
│ Req/Sec   │ 0   │ 0    │ 32      │ 34      │ 24.02   │ 13.31   │ 9       │
├───────────┼─────┼──────┼─────────┼─────────┼─────────┼─────────┼─────────┤
│ Bytes/Sec │ 0 B │ 0 B  │ 4.25 MB │ 4.52 MB │ 3.19 MB │ 1.77 MB │ 1.19 MB │
└───────────┴─────┴──────┴─────────┴─────────┴─────────┴─────────┴─────────┘

Req/Bytes counts sampled once per second.
# of samples: 60

1k requests in 60.29s, 191 MB read
2 errors (2 timeouts)
Running 60s test @ http://localhost:3000/naver?query=samsung
2 connections


┌─────────┬──────┬───────┬───────┬───────┬──────────┬───────────┬─────────┐
│ Stat    │ 2.5% │ 50%   │ 97.5% │ 99%   │ Avg      │ Stdev     │ Max     │
├─────────┼──────┼───────┼───────┼───────┼──────────┼───────────┼─────────┤
│ Latency │ 7 ms │ 58 ms │ 79 ms │ 86 ms │ 45.99 ms │ 110.26 ms │ 4296 ms │
└─────────┴──────┴───────┴───────┴───────┴──────────┴───────────┴─────────┘
┌───────────┬─────┬──────┬─────────┬─────────┬────────┬─────────┬─────────┐
│ Stat      │ 1%  │ 2.5% │ 50%     │ 97.5%   │ Avg    │ Stdev   │ Min     │
├───────────┼─────┼──────┼─────────┼─────────┼────────┼─────────┼─────────┤
│ Req/Sec   │ 0   │ 0    │ 30      │ 213     │ 43.14  │ 44.61   │ 11      │
├───────────┼─────┼──────┼─────────┼─────────┼────────┼─────────┼─────────┤
│ Bytes/Sec │ 0 B │ 0 B  │ 5.43 MB │ 38.5 MB │ 7.8 MB │ 8.07 MB │ 1.99 MB │
└───────────┴─────┴──────┴─────────┴─────────┴────────┴─────────┴─────────┘

Req/Bytes counts sampled once per second.
# of samples: 60

3k requests in 60.27s, 468 MB read
Running 60s test @ http://localhost:3000/naver?query=macbook
2 connections


┌─────────┬──────┬───────┬───────┬───────┬──────────┬──────────┬─────────┐
│ Stat    │ 2.5% │ 50%   │ 97.5% │ 99%   │ Avg      │ Stdev    │ Max     │
├─────────┼──────┼───────┼───────┼───────┼──────────┼──────────┼─────────┤
│ Latency │ 9 ms │ 57 ms │ 66 ms │ 71 ms │ 46.26 ms │ 103.4 ms │ 3920 ms │
└─────────┴──────┴───────┴───────┴───────┴──────────┴──────────┴─────────┘
┌───────────┬─────┬──────┬─────────┬─────────┬─────────┬─────────┬─────────┐
│ Stat      │ 1%  │ 2.5% │ 50%     │ 97.5%   │ Avg     │ Stdev   │ Min     │
├───────────┼─────┼──────┼─────────┼─────────┼─────────┼─────────┼─────────┤
│ Req/Sec   │ 0   │ 0    │ 33      │ 187     │ 42.9    │ 37.17   │ 14      │
├───────────┼─────┼──────┼─────────┼─────────┼─────────┼─────────┼─────────┤
│ Bytes/Sec │ 0 B │ 0 B  │ 5.17 MB │ 29.3 MB │ 6.71 MB │ 5.82 MB │ 2.19 MB │
└───────────┴─────┴──────┴─────────┴─────────┴─────────┴─────────┴─────────┘

Req/Bytes counts sampled once per second.
# of samples: 60

3k requests in 60.27s, 403 MB read
Running 60s test @ http://localhost:3000/naver?query=ps5
2 connections


┌─────────┬──────┬───────┬───────┬───────┬──────────┬───────────┬─────────┐
│ Stat    │ 2.5% │ 50%   │ 97.5% │ 99%   │ Avg      │ Stdev     │ Max     │
├─────────┼──────┼───────┼───────┼───────┼──────────┼───────────┼─────────┤
│ Latency │ 8 ms │ 55 ms │ 65 ms │ 68 ms │ 43.23 ms │ 162.17 ms │ 7997 ms │
└─────────┴──────┴───────┴───────┴───────┴──────────┴───────────┴─────────┘
┌───────────┬─────┬──────┬─────────┬───────┬─────────┬─────────┬────────┐
│ Stat      │ 1%  │ 2.5% │ 50%     │ 97.5% │ Avg     │ Stdev   │ Min    │
├───────────┼─────┼──────┼─────────┼───────┼─────────┼─────────┼────────┤
│ Req/Sec   │ 0   │ 0    │ 33      │ 203   │ 45.8    │ 43.35   │ 5      │
├───────────┼─────┼──────┼─────────┼───────┼─────────┼─────────┼────────┤
│ Bytes/Sec │ 0 B │ 0 B  │ 4.38 MB │ 27 MB │ 6.08 MB │ 5.75 MB │ 664 kB │
└───────────┴─────┴──────┴─────────┴───────┴─────────┴─────────┴────────┘

Req/Bytes counts sampled once per second.
# of samples: 60

3k requests in 60.21s, 365 MB read
Running 60s test @ http://localhost:3000/naver?query=lamp
2 connections


┌─────────┬──────┬───────┬───────┬───────┬─────────┬─────────┬─────────┐
│ Stat    │ 2.5% │ 50%   │ 97.5% │ 99%   │ Avg     │ Stdev   │ Max     │
├─────────┼──────┼───────┼───────┼───────┼─────────┼─────────┼─────────┤
│ Latency │ 8 ms │ 55 ms │ 69 ms │ 80 ms │ 44.2 ms │ 92.9 ms │ 4010 ms │
└─────────┴──────┴───────┴───────┴───────┴─────────┴─────────┴─────────┘
┌───────────┬─────┬────────┬─────────┬─────────┬─────────┬─────────┬────────┐
│ Stat      │ 1%  │ 2.5%   │ 50%     │ 97.5%   │ Avg     │ Stdev   │ Min    │
├───────────┼─────┼────────┼─────────┼─────────┼─────────┼─────────┼────────┤
│ Req/Sec   │ 0   │ 3      │ 34      │ 187     │ 44.84   │ 38.45   │ 3      │
├───────────┼─────┼────────┼─────────┼─────────┼─────────┼─────────┼────────┤
│ Bytes/Sec │ 0 B │ 419 kB │ 4.75 MB │ 26.1 MB │ 6.26 MB │ 5.37 MB │ 419 kB │
└───────────┴─────┴────────┴─────────┴─────────┴─────────┴─────────┴────────┘

Req/Bytes counts sampled once per second.
# of samples: 60

3k requests in 60.27s, 376 MB read
Running 60s test @ http://localhost:3000/naver?query=nike
2 connections


┌─────────┬───────┬───────┬───────┬───────┬─────────┬───────────┬─────────┐
│ Stat    │ 2.5%  │ 50%   │ 97.5% │ 99%   │ Avg     │ Stdev     │ Max     │
├─────────┼───────┼───────┼───────┼───────┼─────────┼───────────┼─────────┤
│ Latency │ 53 ms │ 59 ms │ 65 ms │ 72 ms │ 63.6 ms │ 129.19 ms │ 4600 ms │
└─────────┴───────┴───────┴───────┴───────┴─────────┴───────────┴─────────┘
┌───────────┬─────┬──────┬─────────┬─────────┬─────────┬─────────┬─────────┐
│ Stat      │ 1%  │ 2.5% │ 50%     │ 97.5%   │ Avg     │ Stdev   │ Min     │
├───────────┼─────┼──────┼─────────┼─────────┼─────────┼─────────┼─────────┤
│ Req/Sec   │ 0   │ 0    │ 33      │ 37      │ 31.25   │ 7.85    │ 12      │
├───────────┼─────┼──────┼─────────┼─────────┼─────────┼─────────┼─────────┤
│ Bytes/Sec │ 0 B │ 0 B  │ 4.49 MB │ 5.03 MB │ 4.25 MB │ 1.07 MB │ 1.63 MB │
└───────────┴─────┴──────┴─────────┴─────────┴─────────┴─────────┴─────────┘

Req/Bytes counts sampled once per second.
# of samples: 60

2k requests in 60.2s, 255 MB read
Running 60s test @ http://localhost:3000/naver?query=samsung
2 connections


┌─────────┬───────┬───────┬───────┬───────┬──────────┬───────────┬─────────┐
│ Stat    │ 2.5%  │ 50%   │ 97.5% │ 99%   │ Avg      │ Stdev     │ Max     │
├─────────┼───────┼───────┼───────┼───────┼──────────┼───────────┼─────────┤
│ Latency │ 59 ms │ 64 ms │ 77 ms │ 88 ms │ 70.34 ms │ 145.29 ms │ 4422 ms │
└─────────┴───────┴───────┴───────┴───────┴──────────┴───────────┴─────────┘
┌───────────┬─────┬──────┬─────────┬─────────┬────────┬─────────┬─────────┐
│ Stat      │ 1%  │ 2.5% │ 50%     │ 97.5%   │ Avg    │ Stdev   │ Min     │
├───────────┼─────┼──────┼─────────┼─────────┼────────┼─────────┼─────────┤
│ Req/Sec   │ 0   │ 0    │ 30      │ 32      │ 23.57  │ 12.77   │ 9       │
├───────────┼─────┼──────┼─────────┼─────────┼────────┼─────────┼─────────┤
│ Bytes/Sec │ 0 B │ 0 B  │ 5.47 MB │ 5.84 MB │ 4.3 MB │ 2.33 MB │ 1.62 MB │
└───────────┴─────┴──────┴─────────┴─────────┴────────┴─────────┴─────────┘

Req/Bytes counts sampled once per second.
# of samples: 60

1k requests in 60.18s, 258 MB read
2 errors (2 timeouts)
Running 60s test @ http://localhost:3000/naver?query=chair
2 connections


┌─────────┬──────┬───────┬───────┬───────┬──────────┬───────────┬─────────┐
│ Stat    │ 2.5% │ 50%   │ 97.5% │ 99%   │ Avg      │ Stdev     │ Max     │
├─────────┼──────┼───────┼───────┼───────┼──────────┼───────────┼─────────┤
│ Latency │ 8 ms │ 60 ms │ 69 ms │ 74 ms │ 48.76 ms │ 142.18 ms │ 4987 ms │
└─────────┴──────┴───────┴───────┴───────┴──────────┴───────────┴─────────┘
┌───────────┬─────┬──────┬─────────┬─────────┬─────────┬─────────┬────────┐
│ Stat      │ 1%  │ 2.5% │ 50%     │ 97.5%   │ Avg     │ Stdev   │ Min    │
├───────────┼─────┼──────┼─────────┼─────────┼─────────┼─────────┼────────┤
│ Req/Sec   │ 0   │ 0    │ 32      │ 190     │ 40.71   │ 37.83   │ 3      │
├───────────┼─────┼──────┼─────────┼─────────┼─────────┼─────────┼────────┤
│ Bytes/Sec │ 0 B │ 0 B  │ 4.68 MB │ 27.8 MB │ 5.94 MB │ 5.52 MB │ 438 kB │
└───────────┴─────┴──────┴─────────┴─────────┴─────────┴─────────┴────────┘

Req/Bytes counts sampled once per second.
# of samples: 60

2k requests in 60.24s, 357 MB read
Running 60s test @ http://localhost:3000/naver?query=nike
2 connections


┌─────────┬──────┬───────┬───────┬───────┬──────────┬───────────┬─────────┐
│ Stat    │ 2.5% │ 50%   │ 97.5% │ 99%   │ Avg      │ Stdev     │ Max     │
├─────────┼──────┼───────┼───────┼───────┼──────────┼───────────┼─────────┤
│ Latency │ 7 ms │ 57 ms │ 68 ms │ 75 ms │ 45.87 ms │ 228.63 ms │ 9935 ms │
└─────────┴──────┴───────┴───────┴───────┴──────────┴───────────┴─────────┘
┌───────────┬─────┬──────┬─────────┬─────────┬─────────┬─────────┬────────┐
│ Stat      │ 1%  │ 2.5% │ 50%     │ 97.5%   │ Avg     │ Stdev   │ Min    │
├───────────┼─────┼──────┼─────────┼─────────┼─────────┼─────────┼────────┤
│ Req/Sec   │ 0   │ 0    │ 32      │ 207     │ 43.19   │ 46.27   │ 7      │
├───────────┼─────┼──────┼─────────┼─────────┼─────────┼─────────┼────────┤
│ Bytes/Sec │ 0 B │ 0 B  │ 4.35 MB │ 28.2 MB │ 5.87 MB │ 6.29 MB │ 952 kB │
└───────────┴─────┴──────┴─────────┴─────────┴─────────┴─────────┴────────┘

Req/Bytes counts sampled once per second.
# of samples: 60

2590 2xx responses, 1 non 2xx responses
3k requests in 60.21s, 352 MB read
Running 60s test @ http://localhost:3000/naver?query=chair
2 connections


┌─────────┬──────┬───────┬───────┬───────┬──────────┬───────────┬─────────┐
│ Stat    │ 2.5% │ 50%   │ 97.5% │ 99%   │ Avg      │ Stdev     │ Max     │
├─────────┼──────┼───────┼───────┼───────┼──────────┼───────────┼─────────┤
│ Latency │ 9 ms │ 60 ms │ 69 ms │ 73 ms │ 48.45 ms │ 139.79 ms │ 5101 ms │
└─────────┴──────┴───────┴───────┴───────┴──────────┴───────────┴─────────┘
┌───────────┬─────┬──────┬─────────┬─────────┬─────────┬─────────┬─────────┐
│ Stat      │ 1%  │ 2.5% │ 50%     │ 97.5%   │ Avg     │ Stdev   │ Min     │
├───────────┼─────┼──────┼─────────┼─────────┼─────────┼─────────┼─────────┤
│ Req/Sec   │ 0   │ 0    │ 31      │ 187     │ 40.96   │ 37.81   │ 7       │
├───────────┼─────┼──────┼─────────┼─────────┼─────────┼─────────┼─────────┤
│ Bytes/Sec │ 0 B │ 0 B  │ 4.53 MB │ 27.3 MB │ 5.98 MB │ 5.52 MB │ 1.02 MB │
└───────────┴─────┴──────┴─────────┴─────────┴─────────┴─────────┴─────────┘

Req/Bytes counts sampled once per second.
# of samples: 60

2k requests in 60.24s, 359 MB read
Running 60s test @ http://localhost:3000/naver?query=chair
2 connections


┌─────────┬──────┬───────┬───────┬───────┬──────────┬───────────┬─────────┐
│ Stat    │ 2.5% │ 50%   │ 97.5% │ 99%   │ Avg      │ Stdev     │ Max     │
├─────────┼──────┼───────┼───────┼───────┼──────────┼───────────┼─────────┤
│ Latency │ 8 ms │ 61 ms │ 70 ms │ 86 ms │ 50.15 ms │ 148.93 ms │ 5894 ms │
└─────────┴──────┴───────┴───────┴───────┴──────────┴───────────┴─────────┘
┌───────────┬─────┬──────┬─────────┬─────────┬─────────┬─────────┬─────────┐
│ Stat      │ 1%  │ 2.5% │ 50%     │ 97.5%   │ Avg     │ Stdev   │ Min     │
├───────────┼─────┼──────┼─────────┼─────────┼─────────┼─────────┼─────────┤
│ Req/Sec   │ 0   │ 0    │ 31      │ 194     │ 39.57   │ 37.08   │ 16      │
├───────────┼─────┼──────┼─────────┼─────────┼─────────┼─────────┼─────────┤
│ Bytes/Sec │ 0 B │ 0 B  │ 4.53 MB │ 28.4 MB │ 5.78 MB │ 5.42 MB │ 2.34 MB │
└───────────┴─────┴──────┴─────────┴─────────┴─────────┴─────────┴─────────┘

Req/Bytes counts sampled once per second.
# of samples: 60

2k requests in 60.25s, 347 MB read
Running 60s test @ http://localhost:3000/naver?query=lamp
2 connections


┌─────────┬──────┬───────┬───────┬───────┬──────────┬───────────┬─────────┐
│ Stat    │ 2.5% │ 50%   │ 97.5% │ 99%   │ Avg      │ Stdev     │ Max     │
├─────────┼──────┼───────┼───────┼───────┼──────────┼───────────┼─────────┤
│ Latency │ 8 ms │ 60 ms │ 68 ms │ 74 ms │ 50.23 ms │ 130.74 ms │ 5203 ms │
└─────────┴──────┴───────┴───────┴───────┴──────────┴───────────┴─────────┘
┌───────────┬─────┬──────┬─────────┬─────────┬─────────┬─────────┬─────────┐
│ Stat      │ 1%  │ 2.5% │ 50%     │ 97.5%   │ Avg     │ Stdev   │ Min     │
├───────────┼─────┼──────┼─────────┼─────────┼─────────┼─────────┼─────────┤
│ Req/Sec   │ 0   │ 0    │ 32      │ 196     │ 39.5    │ 37.28   │ 8       │
├───────────┼─────┼──────┼─────────┼─────────┼─────────┼─────────┼─────────┤
│ Bytes/Sec │ 0 B │ 0 B  │ 4.47 MB │ 27.4 MB │ 5.52 MB │ 5.21 MB │ 1.12 MB │
└───────────┴─────┴──────┴─────────┴─────────┴─────────┴─────────┴─────────┘

Req/Bytes counts sampled once per second.
# of samples: 60

2k requests in 60.22s, 331 MB read
Running 60s test @ http://localhost:3000/naver?query=chair
2 connections


┌─────────┬───────┬───────┬───────┬───────┬──────────┬───────────┬─────────┐
│ Stat    │ 2.5%  │ 50%   │ 97.5% │ 99%   │ Avg      │ Stdev     │ Max     │
├─────────┼───────┼───────┼───────┼───────┼──────────┼───────────┼─────────┤
│ Latency │ 55 ms │ 63 ms │ 69 ms │ 74 ms │ 68.69 ms │ 174.49 ms │ 5701 ms │
└─────────┴───────┴───────┴───────┴───────┴──────────┴───────────┴─────────┘
┌───────────┬─────┬──────┬─────────┬─────────┬─────────┬─────────┬─────────┐
│ Stat      │ 1%  │ 2.5% │ 50%     │ 97.5%   │ Avg     │ Stdev   │ Min     │
├───────────┼─────┼──────┼─────────┼─────────┼─────────┼─────────┼─────────┤
│ Req/Sec   │ 0   │ 0    │ 31      │ 35      │ 29      │ 8.51    │ 7       │
├───────────┼─────┼──────┼─────────┼─────────┼─────────┼─────────┼─────────┤
│ Bytes/Sec │ 0 B │ 0 B  │ 4.53 MB │ 5.12 MB │ 4.24 MB │ 1.24 MB │ 1.02 MB │
└───────────┴─────┴──────┴─────────┴─────────┴─────────┴─────────┴─────────┘

Req/Bytes counts sampled once per second.
# of samples: 60

2k requests in 60.29s, 254 MB read
Running 60s test @ http://localhost:3000/naver?query=samsung
2 connections


┌─────────┬──────┬───────┬───────┬───────┬──────────┬───────────┬─────────┐
│ Stat    │ 2.5% │ 50%   │ 97.5% │ 99%   │ Avg      │ Stdev     │ Max     │
├─────────┼──────┼───────┼───────┼───────┼──────────┼───────────┼─────────┤
│ Latency │ 7 ms │ 59 ms │ 69 ms │ 75 ms │ 47.11 ms │ 151.36 ms │ 5758 ms │
└─────────┴──────┴───────┴───────┴───────┴──────────┴───────────┴─────────┘
┌───────────┬─────┬──────┬─────────┬───────┬─────────┬─────────┬────────┐
│ Stat      │ 1%  │ 2.5% │ 50%     │ 97.5% │ Avg     │ Stdev   │ Min    │
├───────────┼─────┼──────┼─────────┼───────┼─────────┼─────────┼────────┤
│ Req/Sec   │ 0   │ 0    │ 31      │ 193   │ 42.07   │ 39.98   │ 2      │
├───────────┼─────┼──────┼─────────┼───────┼─────────┼─────────┼────────┤
│ Bytes/Sec │ 0 B │ 0 B  │ 5.62 MB │ 35 MB │ 7.62 MB │ 7.25 MB │ 361 kB │
└───────────┴─────┴──────┴─────────┴───────┴─────────┴─────────┴────────┘

Req/Bytes counts sampled once per second.
# of samples: 60

3k requests in 60.21s, 457 MB read
Running 60s test @ http://localhost:3000/naver?query=nike
2 connections


┌─────────┬──────┬───────┬───────┬───────┬──────────┬───────────┬─────────┐
│ Stat    │ 2.5% │ 50%   │ 97.5% │ 99%   │ Avg      │ Stdev     │ Max     │
├─────────┼──────┼───────┼───────┼───────┼──────────┼───────────┼─────────┤
│ Latency │ 8 ms │ 56 ms │ 70 ms │ 81 ms │ 48.29 ms │ 204.41 ms │ 9489 ms │
└─────────┴──────┴───────┴───────┴───────┴──────────┴───────────┴─────────┘
┌───────────┬─────┬──────┬─────────┬─────────┬─────────┬─────────┬────────┐
│ Stat      │ 1%  │ 2.5% │ 50%     │ 97.5%   │ Avg     │ Stdev   │ Min    │
├───────────┼─────┼──────┼─────────┼─────────┼─────────┼─────────┼────────┤
│ Req/Sec   │ 0   │ 0    │ 33      │ 205     │ 41.05   │ 38.48   │ 5      │
├───────────┼─────┼──────┼─────────┼─────────┼─────────┼─────────┼────────┤
│ Bytes/Sec │ 0 B │ 0 B  │ 4.49 MB │ 27.9 MB │ 5.58 MB │ 5.23 MB │ 681 kB │
└───────────┴─────┴──────┴─────────┴─────────┴─────────┴─────────┴────────┘

Req/Bytes counts sampled once per second.
# of samples: 60

2k requests in 60.18s, 335 MB read
Running 60s test @ http://localhost:3000/naver?query=macbook
2 connections


┌─────────┬───────┬───────┬───────┬───────┬─────────┬───────────┬─────────┐
│ Stat    │ 2.5%  │ 50%   │ 97.5% │ 99%   │ Avg     │ Stdev     │ Max     │
├─────────┼───────┼───────┼───────┼───────┼─────────┼───────────┼─────────┤
│ Latency │ 10 ms │ 58 ms │ 68 ms │ 71 ms │ 48.5 ms │ 125.24 ms │ 4507 ms │
└─────────┴───────┴───────┴───────┴───────┴─────────┴───────────┴─────────┘
┌───────────┬─────┬──────┬─────────┬─────────┬─────────┬─────────┬─────────┐
│ Stat      │ 1%  │ 2.5% │ 50%     │ 97.5%   │ Avg     │ Stdev   │ Min     │
├───────────┼─────┼──────┼─────────┼─────────┼─────────┼─────────┼─────────┤
│ Req/Sec   │ 0   │ 0    │ 32      │ 174     │ 40.97   │ 34.19   │ 21      │
├───────────┼─────┼──────┼─────────┼─────────┼─────────┼─────────┼─────────┤
│ Bytes/Sec │ 0 B │ 0 B  │ 5.01 MB │ 27.2 MB │ 6.41 MB │ 5.35 MB │ 3.29 MB │
└───────────┴─────┴──────┴─────────┴─────────┴─────────┴─────────┴─────────┘

Req/Bytes counts sampled once per second.
# of samples: 60

2k requests in 60.31s, 385 MB read
Running 60s test @ http://localhost:3000/naver?query=samsung
2 connections


┌─────────┬──────┬───────┬───────┬───────┬──────────┬───────────┬─────────┐
│ Stat    │ 2.5% │ 50%   │ 97.5% │ 99%   │ Avg      │ Stdev     │ Max     │
├─────────┼──────┼───────┼───────┼───────┼──────────┼───────────┼─────────┤
│ Latency │ 9 ms │ 59 ms │ 68 ms │ 72 ms │ 49.42 ms │ 111.11 ms │ 4180 ms │
└─────────┴──────┴───────┴───────┴───────┴──────────┴───────────┴─────────┘
┌───────────┬─────┬──────┬────────┬─────────┬─────────┬─────────┬─────────┐
│ Stat      │ 1%  │ 2.5% │ 50%    │ 97.5%   │ Avg     │ Stdev   │ Min     │
├───────────┼─────┼──────┼────────┼─────────┼─────────┼─────────┼─────────┤
│ Req/Sec   │ 0   │ 0    │ 32     │ 179     │ 40.14   │ 32.23   │ 11      │
├───────────┼─────┼──────┼────────┼─────────┼─────────┼─────────┼─────────┤
│ Bytes/Sec │ 0 B │ 0 B  │ 5.8 MB │ 32.4 MB │ 7.27 MB │ 5.83 MB │ 1.99 MB │
└───────────┴─────┴──────┴────────┴─────────┴─────────┴─────────┴─────────┘

Req/Bytes counts sampled once per second.
# of samples: 60

2k requests in 60.19s, 436 MB read
Running 60s test @ http://localhost:3000/naver?query=nike
2 connections


┌─────────┬──────┬───────┬───────┬───────┬──────────┬───────────┬─────────┐
│ Stat    │ 2.5% │ 50%   │ 97.5% │ 99%   │ Avg      │ Stdev     │ Max     │
├─────────┼──────┼───────┼───────┼───────┼──────────┼───────────┼─────────┤
│ Latency │ 4 ms │ 63 ms │ 69 ms │ 75 ms │ 59.16 ms │ 108.62 ms │ 3787 ms │
└─────────┴──────┴───────┴───────┴───────┴──────────┴───────────┴─────────┘
┌───────────┬─────┬──────┬─────────┬─────────┬─────────┬─────────┬─────────┐
│ Stat      │ 1%  │ 2.5% │ 50%     │ 97.5%   │ Avg     │ Stdev   │ Min     │
├───────────┼─────┼──────┼─────────┼─────────┼─────────┼─────────┼─────────┤
│ Req/Sec   │ 0   │ 0    │ 31      │ 68      │ 33.67   │ 27.57   │ 21      │
├───────────┼─────┼──────┼─────────┼─────────┼─────────┼─────────┼─────────┤
│ Bytes/Sec │ 0 B │ 0 B  │ 4.22 MB │ 9.25 MB │ 4.58 MB │ 3.75 MB │ 2.86 MB │
└───────────┴─────┴──────┴─────────┴─────────┴─────────┴─────────┴─────────┘

Req/Bytes counts sampled once per second.
# of samples: 60

2k requests in 60.33s, 275 MB read
Running 60s test @ http://localhost:3000/naver?query=macbook
2 connections


┌─────────┬───────┬───────┬───────┬───────┬──────────┬───────────┬─────────┐
│ Stat    │ 2.5%  │ 50%   │ 97.5% │ 99%   │ Avg      │ Stdev     │ Max     │
├─────────┼───────┼───────┼───────┼───────┼──────────┼───────────┼─────────┤
│ Latency │ 10 ms │ 59 ms │ 66 ms │ 77 ms │ 54.92 ms │ 111.04 ms │ 4238 ms │
└─────────┴───────┴───────┴───────┴───────┴──────────┴───────────┴─────────┘
┌───────────┬─────┬──────┬─────────┬───────┬─────────┬─────────┬────────┐
│ Stat      │ 1%  │ 2.5% │ 50%     │ 97.5% │ Avg     │ Stdev   │ Min    │
├───────────┼─────┼──────┼─────────┼───────┼─────────┼─────────┼────────┤
│ Req/Sec   │ 0   │ 0    │ 33      │ 128   │ 36.21   │ 21.25   │ 5      │
├───────────┼─────┼──────┼─────────┼───────┼─────────┼─────────┼────────┤
│ Bytes/Sec │ 0 B │ 0 B  │ 5.17 MB │ 20 MB │ 5.67 MB │ 3.33 MB │ 783 kB │
└───────────┴─────┴──────┴─────────┴───────┴─────────┴─────────┴────────┘

Req/Bytes counts sampled once per second.
# of samples: 60

2k requests in 60.29s, 340 MB read
Running 60s test @ http://localhost:3000/naver?query=nike
2 connections


┌─────────┬──────┬───────┬───────┬───────┬──────────┬───────────┬─────────┐
│ Stat    │ 2.5% │ 50%   │ 97.5% │ 99%   │ Avg      │ Stdev     │ Max     │
├─────────┼──────┼───────┼───────┼───────┼──────────┼───────────┼─────────┤
│ Latency │ 8 ms │ 57 ms │ 66 ms │ 78 ms │ 46.94 ms │ 184.81 ms │ 8888 ms │
└─────────┴──────┴───────┴───────┴───────┴──────────┴───────────┴─────────┘
┌───────────┬─────┬──────┬─────────┬─────────┬─────────┬─────────┬────────┐
│ Stat      │ 1%  │ 2.5% │ 50%     │ 97.5%   │ Avg     │ Stdev   │ Min    │
├───────────┼─────┼──────┼─────────┼─────────┼─────────┼─────────┼────────┤
│ Req/Sec   │ 0   │ 0    │ 33      │ 167     │ 38.72   │ 37.67   │ 3      │
├───────────┼─────┼──────┼─────────┼─────────┼─────────┼─────────┼────────┤
│ Bytes/Sec │ 0 B │ 0 B  │ 4.48 MB │ 22.7 MB │ 5.26 MB │ 5.11 MB │ 407 kB │
└───────────┴─────┴──────┴─────────┴─────────┴─────────┴─────────┴────────┘

Req/Bytes counts sampled once per second.
# of samples: 60

2k requests in 60.22s, 315 MB read
1 errors (1 timeouts)
Running 60s test @ http://localhost:3000/naver?query=macbook
2 connections


┌─────────┬──────┬───────┬───────┬───────┬──────────┬───────────┬─────────┐
│ Stat    │ 2.5% │ 50%   │ 97.5% │ 99%   │ Avg      │ Stdev     │ Max     │
├─────────┼──────┼───────┼───────┼───────┼──────────┼───────────┼─────────┤
│ Latency │ 8 ms │ 57 ms │ 66 ms │ 71 ms │ 44.63 ms │ 111.88 ms │ 4181 ms │
└─────────┴──────┴───────┴───────┴───────┴──────────┴───────────┴─────────┘
┌───────────┬─────┬──────┬─────────┬─────────┬─────────┬─────────┬────────┐
│ Stat      │ 1%  │ 2.5% │ 50%     │ 97.5%   │ Avg     │ Stdev   │ Min    │
├───────────┼─────┼──────┼─────────┼─────────┼─────────┼─────────┼────────┤
│ Req/Sec   │ 0   │ 0    │ 33      │ 204     │ 44.4    │ 40.97   │ 3      │
├───────────┼─────┼──────┼─────────┼─────────┼─────────┼─────────┼────────┤
│ Bytes/Sec │ 0 B │ 0 B  │ 5.17 MB │ 31.9 MB │ 6.95 MB │ 6.41 MB │ 470 kB │
└───────────┴─────┴──────┴─────────┴─────────┴─────────┴─────────┴────────┘

Req/Bytes counts sampled once per second.
# of samples: 60

3k requests in 60.23s, 417 MB read
Running 60s test @ http://localhost:3000/naver?query=samsung
2 connections


┌─────────┬───────┬───────┬───────┬───────┬──────────┬───────────┬─────────┐
│ Stat    │ 2.5%  │ 50%   │ 97.5% │ 99%   │ Avg      │ Stdev     │ Max     │
├─────────┼───────┼───────┼───────┼───────┼──────────┼───────────┼─────────┤
│ Latency │ 10 ms │ 58 ms │ 72 ms │ 80 ms │ 48.65 ms │ 175.48 ms │ 7239 ms │
└─────────┴───────┴───────┴───────┴───────┴──────────┴───────────┴─────────┘
┌───────────┬─────┬──────┬─────────┬───────┬─────────┬─────────┬────────┐
│ Stat      │ 1%  │ 2.5% │ 50%     │ 97.5% │ Avg     │ Stdev   │ Min    │
├───────────┼─────┼──────┼─────────┼───────┼─────────┼─────────┼────────┤
│ Req/Sec   │ 0   │ 0    │ 32      │ 177   │ 40.75   │ 34.94   │ 5      │
├───────────┼─────┼──────┼─────────┼───────┼─────────┼─────────┼────────┤
│ Bytes/Sec │ 0 B │ 0 B  │ 5.78 MB │ 32 MB │ 7.36 MB │ 6.31 MB │ 905 kB │
└───────────┴─────┴──────┴─────────┴───────┴─────────┴─────────┴────────┘

Req/Bytes counts sampled once per second.
# of samples: 60

2k requests in 60.19s, 441 MB read
Running 60s test @ http://localhost:3000/naver?query=macbook
2 connections


┌─────────┬──────┬───────┬───────┬───────┬──────────┬───────────┬─────────┐
│ Stat    │ 2.5% │ 50%   │ 97.5% │ 99%   │ Avg      │ Stdev     │ Max     │
├─────────┼──────┼───────┼───────┼───────┼──────────┼───────────┼─────────┤
│ Latency │ 8 ms │ 57 ms │ 71 ms │ 82 ms │ 47.38 ms │ 130.98 ms │ 5384 ms │
└─────────┴──────┴───────┴───────┴───────┴──────────┴───────────┴─────────┘
┌───────────┬─────┬──────┬─────────┬─────────┬─────────┬─────────┬────────┐
│ Stat      │ 1%  │ 2.5% │ 50%     │ 97.5%   │ Avg     │ Stdev   │ Min    │
├───────────┼─────┼──────┼─────────┼─────────┼─────────┼─────────┼────────┤
│ Req/Sec   │ 0   │ 0    │ 33      │ 202     │ 41.97   │ 38.86   │ 4      │
├───────────┼─────┼──────┼─────────┼─────────┼─────────┼─────────┼────────┤
│ Bytes/Sec │ 0 B │ 0 B  │ 5.17 MB │ 31.6 MB │ 6.57 MB │ 6.08 MB │ 626 kB │
└───────────┴─────┴──────┴─────────┴─────────┴─────────┴─────────┴────────┘

Req/Bytes counts sampled once per second.
# of samples: 60

3k requests in 60.38s, 394 MB read
Running 60s test @ http://localhost:3000/naver?query=macbook
2 connections


┌─────────┬───────┬───────┬───────┬───────┬──────────┬──────────┬─────────┐
│ Stat    │ 2.5%  │ 50%   │ 97.5% │ 99%   │ Avg      │ Stdev    │ Max     │
├─────────┼───────┼───────┼───────┼───────┼──────────┼──────────┼─────────┤
│ Latency │ 56 ms │ 61 ms │ 69 ms │ 80 ms │ 64.68 ms │ 98.18 ms │ 3235 ms │
└─────────┴───────┴───────┴───────┴───────┴──────────┴──────────┴─────────┘
┌───────────┬─────┬──────┬─────────┬─────────┬─────────┬─────────┬─────────┐
│ Stat      │ 1%  │ 2.5% │ 50%     │ 97.5%   │ Avg     │ Stdev   │ Min     │
├───────────┼─────┼──────┼─────────┼─────────┼─────────┼─────────┼─────────┤
│ Req/Sec   │ 0   │ 0    │ 32      │ 34      │ 30.84   │ 6.54    │ 10      │
├───────────┼─────┼──────┼─────────┼─────────┼─────────┼─────────┼─────────┤
│ Bytes/Sec │ 0 B │ 0 B  │ 5.01 MB │ 5.32 MB │ 4.83 MB │ 1.02 MB │ 1.57 MB │
└───────────┴─────┴──────┴─────────┴─────────┴─────────┴─────────┴─────────┘

Req/Bytes counts sampled once per second.
# of samples: 60

2k requests in 60.38s, 290 MB read
Running 60s test @ http://localhost:3000/naver?query=chair
2 connections


┌─────────┬──────┬───────┬───────┬───────┬──────────┬───────────┬─────────┐
│ Stat    │ 2.5% │ 50%   │ 97.5% │ 99%   │ Avg      │ Stdev     │ Max     │
├─────────┼──────┼───────┼───────┼───────┼──────────┼───────────┼─────────┤
│ Latency │ 7 ms │ 61 ms │ 69 ms │ 75 ms │ 54.61 ms │ 114.63 ms │ 5115 ms │
└─────────┴──────┴───────┴───────┴───────┴──────────┴───────────┴─────────┘
┌───────────┬─────┬──────┬─────────┬─────────┬─────────┬─────────┬─────────┐
│ Stat      │ 1%  │ 2.5% │ 50%     │ 97.5%   │ Avg     │ Stdev   │ Min     │
├───────────┼─────┼──────┼─────────┼─────────┼─────────┼─────────┼─────────┤
│ Req/Sec   │ 0   │ 0    │ 32      │ 84      │ 33.47   │ 16.79   │ 29      │
├───────────┼─────┼──────┼─────────┼─────────┼─────────┼─────────┼─────────┤
│ Bytes/Sec │ 0 B │ 0 B  │ 4.68 MB │ 12.3 MB │ 4.89 MB │ 2.45 MB │ 4.24 MB │
└───────────┴─────┴──────┴─────────┴─────────┴─────────┴─────────┴─────────┘

Req/Bytes counts sampled once per second.
# of samples: 60

2k requests in 60.44s, 293 MB read
1 errors (1 timeouts)
Running 60s test @ http://localhost:3000/naver?query=macbook
2 connections


┌─────────┬───────┬───────┬───────┬───────┬──────────┬───────────┬─────────┐
│ Stat    │ 2.5%  │ 50%   │ 97.5% │ 99%   │ Avg      │ Stdev     │ Max     │
├─────────┼───────┼───────┼───────┼───────┼──────────┼───────────┼─────────┤
│ Latency │ 15 ms │ 61 ms │ 73 ms │ 87 ms │ 62.51 ms │ 233.92 ms │ 8674 ms │
└─────────┴───────┴───────┴───────┴───────┴──────────┴───────────┴─────────┘
┌───────────┬─────┬──────┬─────────┬─────────┬─────────┬─────────┬────────┐
│ Stat      │ 1%  │ 2.5% │ 50%     │ 97.5%   │ Avg     │ Stdev   │ Min    │
├───────────┼─────┼──────┼─────────┼─────────┼─────────┼─────────┼────────┤
│ Req/Sec   │ 0   │ 0    │ 32      │ 62      │ 31.89   │ 11.9    │ 6      │
├───────────┼─────┼──────┼─────────┼─────────┼─────────┼─────────┼────────┤
│ Bytes/Sec │ 0 B │ 0 B  │ 5.01 MB │ 9.71 MB │ 4.99 MB │ 1.86 MB │ 939 kB │
└───────────┴─────┴──────┴─────────┴─────────┴─────────┴─────────┴────────┘

Req/Bytes counts sampled once per second.
# of samples: 60

2k requests in 60.34s, 299 MB read
Running 60s test @ http://localhost:3000/naver?query=nike
2 connections


┌─────────┬──────┬───────┬───────┬───────┬──────────┬───────────┬─────────┐
│ Stat    │ 2.5% │ 50%   │ 97.5% │ 99%   │ Avg      │ Stdev     │ Max     │
├─────────┼──────┼───────┼───────┼───────┼──────────┼───────────┼─────────┤
│ Latency │ 8 ms │ 56 ms │ 70 ms │ 80 ms │ 45.47 ms │ 107.36 ms │ 4286 ms │
└─────────┴──────┴───────┴───────┴───────┴──────────┴───────────┴─────────┘
┌───────────┬─────┬──────┬─────────┬─────────┬─────────┬────────┬────────┐
│ Stat      │ 1%  │ 2.5% │ 50%     │ 97.5%   │ Avg     │ Stdev  │ Min    │
├───────────┼─────┼──────┼─────────┼─────────┼─────────┼────────┼────────┤
│ Req/Sec   │ 0   │ 0    │ 33      │ 187     │ 43.59   │ 38.22  │ 14     │
├───────────┼─────┼──────┼─────────┼─────────┼─────────┼────────┼────────┤
│ Bytes/Sec │ 0 B │ 0 B  │ 4.49 MB │ 25.4 MB │ 5.93 MB │ 5.2 MB │ 1.9 MB │
└───────────┴─────┴──────┴─────────┴─────────┴─────────┴────────┴────────┘

Req/Bytes counts sampled once per second.
# of samples: 60

3k requests in 60.21s, 356 MB read
Running 60s test @ http://localhost:3000/naver?query=chair
2 connections


┌─────────┬───────┬───────┬───────┬───────┬──────────┬──────────┬─────────┐
│ Stat    │ 2.5%  │ 50%   │ 97.5% │ 99%   │ Avg      │ Stdev    │ Max     │
├─────────┼───────┼───────┼───────┼───────┼──────────┼──────────┼─────────┤
│ Latency │ 10 ms │ 57 ms │ 67 ms │ 73 ms │ 44.32 ms │ 90.73 ms │ 3334 ms │
└─────────┴───────┴───────┴───────┴───────┴──────────┴──────────┴─────────┘
┌───────────┬─────┬──────┬─────────┬─────────┬─────────┬─────────┬─────────┐
│ Stat      │ 1%  │ 2.5% │ 50%     │ 97.5%   │ Avg     │ Stdev   │ Min     │
├───────────┼─────┼──────┼─────────┼─────────┼─────────┼─────────┼─────────┤
│ Req/Sec   │ 0   │ 0    │ 33      │ 174     │ 44.74   │ 37.71   │ 25      │
├───────────┼─────┼──────┼─────────┼─────────┼─────────┼─────────┼─────────┤
│ Bytes/Sec │ 0 B │ 0 B  │ 4.83 MB │ 25.4 MB │ 6.54 MB │ 5.51 MB │ 3.65 MB │
└───────────┴─────┴──────┴─────────┴─────────┴─────────┴─────────┴─────────┘

Req/Bytes counts sampled once per second.
# of samples: 60

3k requests in 60.27s, 392 MB read
Running 60s test @ http://localhost:3000/naver?query=samsung
2 connections


┌─────────┬───────┬───────┬───────┬───────┬──────────┬───────────┬─────────┐
│ Stat    │ 2.5%  │ 50%   │ 97.5% │ 99%   │ Avg      │ Stdev     │ Max     │
├─────────┼───────┼───────┼───────┼───────┼──────────┼───────────┼─────────┤
│ Latency │ 54 ms │ 60 ms │ 70 ms │ 82 ms │ 65.78 ms │ 167.33 ms │ 5791 ms │
└─────────┴───────┴───────┴───────┴───────┴──────────┴───────────┴─────────┘
┌───────────┬─────┬──────┬─────────┬─────────┬─────────┬─────────┬─────────┐
│ Stat      │ 1%  │ 2.5% │ 50%     │ 97.5%   │ Avg     │ Stdev   │ Min     │
├───────────┼─────┼──────┼─────────┼─────────┼─────────┼─────────┼─────────┤
│ Req/Sec   │ 0   │ 0    │ 33      │ 36      │ 30.27   │ 8.53    │ 6       │
├───────────┼─────┼──────┼─────────┼─────────┼─────────┼─────────┼─────────┤
│ Bytes/Sec │ 0 B │ 0 B  │ 5.98 MB │ 6.53 MB │ 5.49 MB │ 1.55 MB │ 1.09 MB │
└───────────┴─────┴──────┴─────────┴─────────┴─────────┴─────────┴─────────┘

Req/Bytes counts sampled once per second.
# of samples: 60

2k requests in 60.27s, 329 MB read
Running 60s test @ http://localhost:3000/naver?query=nike
2 connections


┌─────────┬───────┬───────┬───────┬───────┬──────────┬─────────┬────────┐
│ Stat    │ 2.5%  │ 50%   │ 97.5% │ 99%   │ Avg      │ Stdev   │ Max    │
├─────────┼───────┼───────┼───────┼───────┼──────────┼─────────┼────────┤
│ Latency │ 54 ms │ 59 ms │ 68 ms │ 81 ms │ 59.86 ms │ 4.61 ms │ 105 ms │
└─────────┴───────┴───────┴───────┴───────┴──────────┴─────────┴────────┘
┌───────────┬─────┬──────┬─────────┬─────────┬─────────┬─────────┬─────────┐
│ Stat      │ 1%  │ 2.5% │ 50%     │ 97.5%   │ Avg     │ Stdev   │ Min     │
├───────────┼─────┼──────┼─────────┼─────────┼─────────┼─────────┼─────────┤
│ Req/Sec   │ 0   │ 0    │ 33      │ 34      │ 27.7    │ 12.42   │ 31      │
├───────────┼─────┼──────┼─────────┼─────────┼─────────┼─────────┼─────────┤
│ Bytes/Sec │ 0 B │ 0 B  │ 4.49 MB │ 4.63 MB │ 3.77 MB │ 1.69 MB │ 4.22 MB │
└───────────┴─────┴──────┴─────────┴─────────┴─────────┴─────────┴─────────┘

Req/Bytes counts sampled once per second.
# of samples: 60

2k requests in 60.28s, 226 MB read
2 errors (2 timeouts)
Running 60s test @ http://localhost:3000/naver?query=samsung
2 connections


┌─────────┬──────┬───────┬───────┬───────┬──────────┬───────────┬─────────┐
│ Stat    │ 2.5% │ 50%   │ 97.5% │ 99%   │ Avg      │ Stdev     │ Max     │
├─────────┼──────┼───────┼───────┼───────┼──────────┼───────────┼─────────┤
│ Latency │ 3 ms │ 20 ms │ 67 ms │ 71 ms │ 33.86 ms │ 167.65 ms │ 9405 ms │
└─────────┴──────┴───────┴───────┴───────┴──────────┴───────────┴─────────┘
┌───────────┬─────┬──────┬─────────┬─────────┬─────────┬─────────┬─────────┐
│ Stat      │ 1%  │ 2.5% │ 50%     │ 97.5%   │ Avg     │ Stdev   │ Min     │
├───────────┼─────┼──────┼─────────┼─────────┼─────────┼─────────┼─────────┤
│ Req/Sec   │ 0   │ 0    │ 32      │ 403     │ 53.47   │ 85.13   │ 11      │
├───────────┼─────┼──────┼─────────┼─────────┼─────────┼─────────┼─────────┤
│ Bytes/Sec │ 0 B │ 0 B  │ 5.86 MB │ 73.7 MB │ 9.78 MB │ 15.6 MB │ 2.01 MB │
└───────────┴─────┴──────┴─────────┴─────────┴─────────┴─────────┴─────────┘

Req/Bytes counts sampled once per second.
# of samples: 60

3k requests in 60.22s, 587 MB read
1 errors (1 timeouts)
Running 60s test @ http://localhost:3000/naver?query=ps5
2 connections


┌─────────┬──────┬───────┬───────┬───────┬──────────┬───────────┬─────────┐
│ Stat    │ 2.5% │ 50%   │ 97.5% │ 99%   │ Avg      │ Stdev     │ Max     │
├─────────┼──────┼───────┼───────┼───────┼──────────┼───────────┼─────────┤
│ Latency │ 8 ms │ 59 ms │ 72 ms │ 78 ms │ 49.19 ms │ 119.39 ms │ 4218 ms │
└─────────┴──────┴───────┴───────┴───────┴──────────┴───────────┴─────────┘
┌───────────┬─────┬──────┬─────────┬─────────┬─────────┬─────────┬─────────┐
│ Stat      │ 1%  │ 2.5% │ 50%     │ 97.5%   │ Avg     │ Stdev   │ Min     │
├───────────┼─────┼──────┼─────────┼─────────┼─────────┼─────────┼─────────┤
│ Req/Sec   │ 0   │ 0    │ 32      │ 185     │ 40.34   │ 36.32   │ 28      │
├───────────┼─────┼──────┼─────────┼─────────┼─────────┼─────────┼─────────┤
│ Bytes/Sec │ 0 B │ 0 B  │ 4.25 MB │ 24.6 MB │ 5.36 MB │ 4.82 MB │ 3.72 MB │
└───────────┴─────┴──────┴─────────┴─────────┴─────────┴─────────┴─────────┘

Req/Bytes counts sampled once per second.
# of samples: 60

2k requests in 60.23s, 321 MB read
Running 60s test @ http://localhost:3000/naver?query=macbook
2 connections


┌─────────┬──────┬───────┬───────┬───────┬──────────┬───────────┬─────────┐
│ Stat    │ 2.5% │ 50%   │ 97.5% │ 99%   │ Avg      │ Stdev     │ Max     │
├─────────┼──────┼───────┼───────┼───────┼──────────┼───────────┼─────────┤
│ Latency │ 8 ms │ 58 ms │ 66 ms │ 69 ms │ 46.27 ms │ 132.34 ms │ 5246 ms │
└─────────┴──────┴───────┴───────┴───────┴──────────┴───────────┴─────────┘
┌───────────┬─────┬──────┬─────────┬───────┬────────┬─────────┬────────┐
│ Stat      │ 1%  │ 2.5% │ 50%     │ 97.5% │ Avg    │ Stdev   │ Min    │
├───────────┼─────┼──────┼─────────┼───────┼────────┼─────────┼────────┤
│ Req/Sec   │ 0   │ 0    │ 33      │ 192   │ 42.82  │ 40.57   │ 16     │
├───────────┼─────┼──────┼─────────┼───────┼────────┼─────────┼────────┤
│ Bytes/Sec │ 0 B │ 0 B  │ 5.17 MB │ 30 MB │ 6.7 MB │ 6.35 MB │ 2.5 MB │
└───────────┴─────┴──────┴─────────┴───────┴────────┴─────────┴────────┘

Req/Bytes counts sampled once per second.
# of samples: 60

3k requests in 60.24s, 402 MB read
Running 60s test @ http://localhost:3000/naver?query=macbook
2 connections


┌─────────┬──────┬───────┬───────┬───────┬──────────┬───────────┬─────────┐
│ Stat    │ 2.5% │ 50%   │ 97.5% │ 99%   │ Avg      │ Stdev     │ Max     │
├─────────┼──────┼───────┼───────┼───────┼──────────┼───────────┼─────────┤
│ Latency │ 8 ms │ 56 ms │ 67 ms │ 74 ms │ 45.71 ms │ 170.33 ms │ 7116 ms │
└─────────┴──────┴───────┴───────┴───────┴──────────┴───────────┴─────────┘
┌───────────┬─────┬──────┬─────────┬─────────┬─────────┬─────────┬────────┐
│ Stat      │ 1%  │ 2.5% │ 50%     │ 97.5%   │ Avg     │ Stdev   │ Min    │
├───────────┼─────┼──────┼─────────┼─────────┼─────────┼─────────┼────────┤
│ Req/Sec   │ 0   │ 0    │ 33      │ 201     │ 43.35   │ 42.47   │ 3      │
├───────────┼─────┼──────┼─────────┼─────────┼─────────┼─────────┼────────┤
│ Bytes/Sec │ 0 B │ 0 B  │ 5.17 MB │ 31.5 MB │ 6.78 MB │ 6.65 MB │ 469 kB │
└───────────┴─────┴──────┴─────────┴─────────┴─────────┴─────────┴────────┘

Req/Bytes counts sampled once per second.
# of samples: 60

3k requests in 60.21s, 407 MB read
Running 60s test @ http://localhost:3000/naver?query=macbook
2 connections


┌─────────┬───────┬───────┬───────┬───────┬─────────┬───────────┬─────────┐
│ Stat    │ 2.5%  │ 50%   │ 97.5% │ 99%   │ Avg     │ Stdev     │ Max     │
├─────────┼───────┼───────┼───────┼───────┼─────────┼───────────┼─────────┤
│ Latency │ 53 ms │ 59 ms │ 70 ms │ 82 ms │ 63.4 ms │ 111.13 ms │ 3652 ms │
└─────────┴───────┴───────┴───────┴───────┴─────────┴───────────┴─────────┘
┌───────────┬─────┬──────┬─────────┬─────────┬─────────┬─────────┬────────┐
│ Stat      │ 1%  │ 2.5% │ 50%     │ 97.5%   │ Avg     │ Stdev   │ Min    │
├───────────┼─────┼──────┼─────────┼─────────┼─────────┼─────────┼────────┤
│ Req/Sec   │ 0   │ 0    │ 33      │ 36      │ 31.42   │ 7.41    │ 2      │
├───────────┼─────┼──────┼─────────┼─────────┼─────────┼─────────┼────────┤
│ Bytes/Sec │ 0 B │ 0 B  │ 5.17 MB │ 5.64 MB │ 4.92 MB │ 1.16 MB │ 313 kB │
└───────────┴─────┴──────┴─────────┴─────────┴─────────┴─────────┴────────┘

Req/Bytes counts sampled once per second.
# of samples: 60

2k requests in 60.32s, 295 MB read
Running 60s test @ http://localhost:3000/naver?query=samsung
2 connections


┌─────────┬───────┬───────┬───────┬───────┬──────────┬───────────┬─────────┐
│ Stat    │ 2.5%  │ 50%   │ 97.5% │ 99%   │ Avg      │ Stdev     │ Max     │
├─────────┼───────┼───────┼───────┼───────┼──────────┼───────────┼─────────┤
│ Latency │ 21 ms │ 60 ms │ 73 ms │ 89 ms │ 59.35 ms │ 133.47 ms │ 5755 ms │
└─────────┴───────┴───────┴───────┴───────┴──────────┴───────────┴─────────┘
┌───────────┬─────┬──────┬─────────┬────────┬─────────┬─────────┬─────────┐
│ Stat      │ 1%  │ 2.5% │ 50%     │ 97.5%  │ Avg     │ Stdev   │ Min     │
├───────────┼─────┼──────┼─────────┼────────┼─────────┼─────────┼─────────┤
│ Req/Sec   │ 0   │ 0    │ 33      │ 46     │ 30.7    │ 10.88   │ 14      │
├───────────┼─────┼──────┼─────────┼────────┼─────────┼─────────┼─────────┤
│ Bytes/Sec │ 0 B │ 0 B  │ 5.96 MB │ 8.3 MB │ 5.54 MB │ 1.96 MB │ 2.53 MB │
└───────────┴─────┴──────┴─────────┴────────┴─────────┴─────────┴─────────┘

Req/Bytes counts sampled once per second.
# of samples: 60

2k requests in 60.23s, 332 MB read
1 errors (1 timeouts)
Running 60s test @ http://localhost:3000/naver?query=ps5
2 connections


┌─────────┬──────┬───────┬───────┬───────┬──────────┬───────────┬─────────┐
│ Stat    │ 2.5% │ 50%   │ 97.5% │ 99%   │ Avg      │ Stdev     │ Max     │
├─────────┼──────┼───────┼───────┼───────┼──────────┼───────────┼─────────┤
│ Latency │ 3 ms │ 59 ms │ 71 ms │ 78 ms │ 48.89 ms │ 118.87 ms │ 4292 ms │
└─────────┴──────┴───────┴───────┴───────┴──────────┴───────────┴─────────┘
┌───────────┬─────┬──────┬─────────┬─────────┬─────────┬─────────┬────────┐
│ Stat      │ 1%  │ 2.5% │ 50%     │ 97.5%   │ Avg     │ Stdev   │ Min    │
├───────────┼─────┼──────┼─────────┼─────────┼─────────┼─────────┼────────┤
│ Req/Sec   │ 0   │ 0    │ 32      │ 167     │ 40.62   │ 39.84   │ 4      │
├───────────┼─────┼──────┼─────────┼─────────┼─────────┼─────────┼────────┤
│ Bytes/Sec │ 0 B │ 0 B  │ 4.25 MB │ 22.2 MB │ 5.39 MB │ 5.29 MB │ 531 kB │
└───────────┴─────┴──────┴─────────┴─────────┴─────────┴─────────┴────────┘

Req/Bytes counts sampled once per second.
# of samples: 60

2k requests in 60.31s, 324 MB read
Running 60s test @ http://localhost:3000/naver?query=ps5
2 connections


┌─────────┬──────┬───────┬───────┬───────┬──────────┬───────────┬─────────┐
│ Stat    │ 2.5% │ 50%   │ 97.5% │ 99%   │ Avg      │ Stdev     │ Max     │
├─────────┼──────┼───────┼───────┼───────┼──────────┼───────────┼─────────┤
│ Latency │ 9 ms │ 59 ms │ 68 ms │ 76 ms │ 48.93 ms │ 116.63 ms │ 4536 ms │
└─────────┴──────┴───────┴───────┴───────┴──────────┴───────────┴─────────┘
┌───────────┬─────┬──────┬─────────┬─────────┬─────────┬─────────┬────────┐
│ Stat      │ 1%  │ 2.5% │ 50%     │ 97.5%   │ Avg     │ Stdev   │ Min    │
├───────────┼─────┼──────┼─────────┼─────────┼─────────┼─────────┼────────┤
│ Req/Sec   │ 0   │ 0    │ 32      │ 186     │ 40.59   │ 35.02   │ 2      │
├───────────┼─────┼──────┼─────────┼─────────┼─────────┼─────────┼────────┤
│ Bytes/Sec │ 0 B │ 0 B  │ 4.25 MB │ 24.7 MB │ 5.39 MB │ 4.65 MB │ 266 kB │
└───────────┴─────┴──────┴─────────┴─────────┴─────────┴─────────┴────────┘

Req/Bytes counts sampled once per second.
# of samples: 60

2k requests in 60.28s, 323 MB read
Running 60s test @ http://localhost:3000/naver?query=chair
2 connections


┌─────────┬───────┬───────┬───────┬───────┬──────────┬──────────┬─────────┐
│ Stat    │ 2.5%  │ 50%   │ 97.5% │ 99%   │ Avg      │ Stdev    │ Max     │
├─────────┼───────┼───────┼───────┼───────┼──────────┼──────────┼─────────┤
│ Latency │ 10 ms │ 58 ms │ 67 ms │ 72 ms │ 50.34 ms │ 164.3 ms │ 5760 ms │
└─────────┴───────┴───────┴───────┴───────┴──────────┴──────────┴─────────┘
┌───────────┬─────┬──────┬─────────┬─────────┬─────────┬─────────┬─────────┐
│ Stat      │ 1%  │ 2.5% │ 50%     │ 97.5%   │ Avg     │ Stdev   │ Min     │
├───────────┼─────┼──────┼─────────┼─────────┼─────────┼─────────┼─────────┤
│ Req/Sec   │ 0   │ 0    │ 32      │ 168     │ 39.46   │ 33.59   │ 14      │
├───────────┼─────┼──────┼─────────┼─────────┼─────────┼─────────┼─────────┤
│ Bytes/Sec │ 0 B │ 0 B  │ 4.68 MB │ 24.5 MB │ 5.76 MB │ 4.91 MB │ 2.04 MB │
└───────────┴─────┴──────┴─────────┴─────────┴─────────┴─────────┴─────────┘

Req/Bytes counts sampled once per second.
# of samples: 60

2k requests in 60.26s, 346 MB read
Running 60s test @ http://localhost:3000/naver?query=chair
2 connections


┌─────────┬──────┬───────┬───────┬───────┬──────────┬───────────┬─────────┐
│ Stat    │ 2.5% │ 50%   │ 97.5% │ 99%   │ Avg      │ Stdev     │ Max     │
├─────────┼──────┼───────┼───────┼───────┼──────────┼───────────┼─────────┤
│ Latency │ 4 ms │ 61 ms │ 72 ms │ 87 ms │ 55.25 ms │ 116.79 ms │ 4650 ms │
└─────────┴──────┴───────┴───────┴───────┴──────────┴───────────┴─────────┘
┌───────────┬─────┬──────┬─────────┬─────────┬─────────┬─────────┬─────────┐
│ Stat      │ 1%  │ 2.5% │ 50%     │ 97.5%   │ Avg     │ Stdev   │ Min     │
├───────────┼─────┼──────┼─────────┼─────────┼─────────┼─────────┼─────────┤
│ Req/Sec   │ 0   │ 0    │ 32      │ 146     │ 36.02   │ 35.45   │ 11      │
├───────────┼─────┼──────┼─────────┼─────────┼─────────┼─────────┼─────────┤
│ Bytes/Sec │ 0 B │ 0 B  │ 4.67 MB │ 21.3 MB │ 5.25 MB │ 5.17 MB │ 1.61 MB │
└───────────┴─────┴──────┴─────────┴─────────┴─────────┴─────────┴─────────┘

Req/Bytes counts sampled once per second.
# of samples: 60

2k requests in 60.32s, 315 MB read
Running 60s test @ http://localhost:3000/naver?query=lamp
2 connections


┌─────────┬───────┬───────┬───────┬───────┬──────────┬───────────┬─────────┐
│ Stat    │ 2.5%  │ 50%   │ 97.5% │ 99%   │ Avg      │ Stdev     │ Max     │
├─────────┼───────┼───────┼───────┼───────┼──────────┼───────────┼─────────┤
│ Latency │ 55 ms │ 60 ms │ 68 ms │ 85 ms │ 66.57 ms │ 169.44 ms │ 5505 ms │
└─────────┴───────┴───────┴───────┴───────┴──────────┴───────────┴─────────┘
┌───────────┬─────┬──────┬─────────┬─────────┬─────────┬─────────┬────────┐
│ Stat      │ 1%  │ 2.5% │ 50%     │ 97.5%   │ Avg     │ Stdev   │ Min    │
├───────────┼─────┼──────┼─────────┼─────────┼─────────┼─────────┼────────┤
│ Req/Sec   │ 0   │ 0    │ 33      │ 34      │ 24.94   │ 13.73   │ 6      │
├───────────┼─────┼──────┼─────────┼─────────┼─────────┼─────────┼────────┤
│ Bytes/Sec │ 0 B │ 0 B  │ 4.61 MB │ 4.75 MB │ 3.48 MB │ 1.92 MB │ 835 kB │
└───────────┴─────┴──────┴─────────┴─────────┴─────────┴─────────┴────────┘

Req/Bytes counts sampled once per second.
# of samples: 60

2k requests in 60.29s, 209 MB read
2 errors (2 timeouts)
Running 60s test @ http://localhost:3000/naver?query=chair
2 connections


┌─────────┬──────┬───────┬───────┬───────┬──────────┬──────────┬─────────┐
│ Stat    │ 2.5% │ 50%   │ 97.5% │ 99%   │ Avg      │ Stdev    │ Max     │
├─────────┼──────┼───────┼───────┼───────┼──────────┼──────────┼─────────┤
│ Latency │ 8 ms │ 58 ms │ 69 ms │ 75 ms │ 45.76 ms │ 96.72 ms │ 3615 ms │
└─────────┴──────┴───────┴───────┴───────┴──────────┴──────────┴─────────┘
┌───────────┬─────┬──────┬─────────┬─────────┬─────────┬─────────┬─────────┐
│ Stat      │ 1%  │ 2.5% │ 50%     │ 97.5%   │ Avg     │ Stdev   │ Min     │
├───────────┼─────┼──────┼─────────┼─────────┼─────────┼─────────┼─────────┤
│ Req/Sec   │ 0   │ 0    │ 32      │ 204     │ 43.34   │ 38.83   │ 22      │
├───────────┼─────┼──────┼─────────┼─────────┼─────────┼─────────┼─────────┤
│ Bytes/Sec │ 0 B │ 0 B  │ 4.67 MB │ 29.8 MB │ 6.33 MB │ 5.67 MB │ 3.21 MB │
└───────────┴─────┴──────┴─────────┴─────────┴─────────┴─────────┴─────────┘

Req/Bytes counts sampled once per second.
# of samples: 60

3k requests in 60.25s, 379 MB read
Running 60s test @ http://localhost:3000/naver?query=macbook
2 connections


┌─────────┬──────┬───────┬───────┬───────┬──────────┬───────────┬─────────┐
│ Stat    │ 2.5% │ 50%   │ 97.5% │ 99%   │ Avg      │ Stdev     │ Max     │
├─────────┼──────┼───────┼───────┼───────┼──────────┼───────────┼─────────┤
│ Latency │ 8 ms │ 58 ms │ 70 ms │ 80 ms │ 47.42 ms │ 146.59 ms │ 5601 ms │
└─────────┴──────┴───────┴───────┴───────┴──────────┴───────────┴─────────┘
┌───────────┬─────┬──────┬─────────┬─────────┬─────────┬─────────┬────────┐
│ Stat      │ 1%  │ 2.5% │ 50%     │ 97.5%   │ Avg     │ Stdev   │ Min    │
├───────────┼─────┼──────┼─────────┼─────────┼─────────┼─────────┼────────┤
│ Req/Sec   │ 0   │ 0    │ 32      │ 199     │ 41.89   │ 39.36   │ 6      │
├───────────┼─────┼──────┼─────────┼─────────┼─────────┼─────────┼────────┤
│ Bytes/Sec │ 0 B │ 0 B  │ 5.01 MB │ 31.2 MB │ 6.56 MB │ 6.16 MB │ 939 kB │
└───────────┴─────┴──────┴─────────┴─────────┴─────────┴─────────┴────────┘

Req/Bytes counts sampled once per second.
# of samples: 60

3k requests in 60.31s, 393 MB read
Running 60s test @ http://localhost:3000/naver?query=chair
2 connections


┌─────────┬──────┬───────┬───────┬───────┬──────────┬───────────┬─────────┐
│ Stat    │ 2.5% │ 50%   │ 97.5% │ 99%   │ Avg      │ Stdev     │ Max     │
├─────────┼──────┼───────┼───────┼───────┼──────────┼───────────┼─────────┤
│ Latency │ 8 ms │ 57 ms │ 68 ms │ 80 ms │ 45.68 ms │ 112.29 ms │ 4503 ms │
└─────────┴──────┴───────┴───────┴───────┴──────────┴───────────┴─────────┘
┌───────────┬─────┬──────┬─────────┬─────────┬─────────┬─────────┬─────────┐
│ Stat      │ 1%  │ 2.5% │ 50%     │ 97.5%   │ Avg     │ Stdev   │ Min     │
├───────────┼─────┼──────┼─────────┼─────────┼─────────┼─────────┼─────────┤
│ Req/Sec   │ 0   │ 0    │ 32      │ 204     │ 43.52   │ 39.34   │ 9       │
├───────────┼─────┼──────┼─────────┼─────────┼─────────┼─────────┼─────────┤
│ Bytes/Sec │ 0 B │ 0 B  │ 4.68 MB │ 29.8 MB │ 6.36 MB │ 5.75 MB │ 1.31 MB │
└───────────┴─────┴──────┴─────────┴─────────┴─────────┴─────────┴─────────┘

Req/Bytes counts sampled once per second.
# of samples: 60

3k requests in 60.41s, 381 MB read
Running 60s test @ http://localhost:3000/naver?query=chair
2 connections


┌─────────┬──────┬───────┬───────┬───────┬──────────┬───────────┬─────────┐
│ Stat    │ 2.5% │ 50%   │ 97.5% │ 99%   │ Avg      │ Stdev     │ Max     │
├─────────┼──────┼───────┼───────┼───────┼──────────┼───────────┼─────────┤
│ Latency │ 9 ms │ 60 ms │ 83 ms │ 94 ms │ 47.08 ms │ 105.97 ms │ 4069 ms │
└─────────┴──────┴───────┴───────┴───────┴──────────┴───────────┴─────────┘
┌───────────┬─────┬──────┬─────────┬─────────┬─────────┬─────────┬────────┐
│ Stat      │ 1%  │ 2.5% │ 50%     │ 97.5%   │ Avg     │ Stdev   │ Min    │
├───────────┼─────┼──────┼─────────┼─────────┼─────────┼─────────┼────────┤
│ Req/Sec   │ 0   │ 0    │ 32      │ 182     │ 42.24   │ 38.52   │ 6      │
├───────────┼─────┼──────┼─────────┼─────────┼─────────┼─────────┼────────┤
│ Bytes/Sec │ 0 B │ 0 B  │ 4.67 MB │ 26.6 MB │ 6.17 MB │ 5.62 MB │ 876 kB │
└───────────┴─────┴──────┴─────────┴─────────┴─────────┴─────────┴────────┘

Req/Bytes counts sampled once per second.
# of samples: 60

3k requests in 60.43s, 370 MB read
Running 60s test @ http://localhost:3000/naver?query=samsung
2 connections


┌─────────┬──────┬───────┬───────┬───────┬──────────┬───────────┬─────────┐
│ Stat    │ 2.5% │ 50%   │ 97.5% │ 99%   │ Avg      │ Stdev     │ Max     │
├─────────┼──────┼───────┼───────┼───────┼──────────┼───────────┼─────────┤
│ Latency │ 5 ms │ 60 ms │ 68 ms │ 71 ms │ 51.04 ms │ 139.78 ms │ 5931 ms │
└─────────┴──────┴───────┴───────┴───────┴──────────┴───────────┴─────────┘
┌───────────┬─────┬──────┬─────────┬─────────┬────────┬─────────┬─────────┐
│ Stat      │ 1%  │ 2.5% │ 50%     │ 97.5%   │ Avg    │ Stdev   │ Min     │
├───────────┼─────┼──────┼─────────┼─────────┼────────┼─────────┼─────────┤
│ Req/Sec   │ 0   │ 0    │ 32      │ 180     │ 39.02  │ 40.08   │ 15      │
├───────────┼─────┼──────┼─────────┼─────────┼────────┼─────────┼─────────┤
│ Bytes/Sec │ 0 B │ 0 B  │ 5.82 MB │ 32.8 MB │ 7.1 MB │ 7.29 MB │ 2.72 MB │
└───────────┴─────┴──────┴─────────┴─────────┴────────┴─────────┴─────────┘

Req/Bytes counts sampled once per second.
# of samples: 60

2k requests in 60.39s, 426 MB read
Running 60s test @ http://localhost:3000/naver?query=nike
2 connections


┌─────────┬───────┬───────┬───────┬───────┬──────────┬───────────┬─────────┐
│ Stat    │ 2.5%  │ 50%   │ 97.5% │ 99%   │ Avg      │ Stdev     │ Max     │
├─────────┼───────┼───────┼───────┼───────┼──────────┼───────────┼─────────┤
│ Latency │ 58 ms │ 63 ms │ 80 ms │ 95 ms │ 76.09 ms │ 333.18 ms │ 9442 ms │
└─────────┴───────┴───────┴───────┴───────┴──────────┴───────────┴─────────┘
┌───────────┬─────┬──────┬──────┬─────────┬─────────┬─────────┬─────────┐
│ Stat      │ 1%  │ 2.5% │ 50%  │ 97.5%   │ Avg     │ Stdev   │ Min     │
├───────────┼─────┼──────┼──────┼─────────┼─────────┼─────────┼─────────┤
│ Req/Sec   │ 0   │ 0    │ 31   │ 33      │ 26.22   │ 11.14   │ 23      │
├───────────┼─────┼──────┼──────┼─────────┼─────────┼─────────┼─────────┤
│ Bytes/Sec │ 0 B │ 0 B  │ 5 MB │ 5.32 MB │ 4.22 MB │ 1.79 MB │ 3.71 MB │
└───────────┴─────┴──────┴──────┴─────────┴─────────┴─────────┴─────────┘

Req/Bytes counts sampled once per second.
# of samples: 60

2k requests in 60.36s, 253 MB read
Running 60s test @ http://localhost:3000/naver?query=nike
2 connections


┌─────────┬───────┬───────┬───────┬───────┬─────────┬───────────┬─────────┐
│ Stat    │ 2.5%  │ 50%   │ 97.5% │ 99%   │ Avg     │ Stdev     │ Max     │
├─────────┼───────┼───────┼───────┼───────┼─────────┼───────────┼─────────┤
│ Latency │ 10 ms │ 62 ms │ 73 ms │ 92 ms │ 64.3 ms │ 222.35 ms │ 8339 ms │
└─────────┴───────┴───────┴───────┴───────┴─────────┴───────────┴─────────┘
┌───────────┬─────┬──────┬──────┬─────────┬─────────┬─────────┬─────────┐
│ Stat      │ 1%  │ 2.5% │ 50%  │ 97.5%   │ Avg     │ Stdev   │ Min     │
├───────────┼─────┼──────┼──────┼─────────┼─────────┼─────────┼─────────┤
│ Req/Sec   │ 0   │ 0    │ 31   │ 59      │ 23.22   │ 17.06   │ 7       │
├───────────┼─────┼──────┼──────┼─────────┼─────────┼─────────┼─────────┤
│ Bytes/Sec │ 0 B │ 0 B  │ 5 MB │ 9.51 MB │ 3.74 MB │ 2.75 MB │ 1.13 MB │
└───────────┴─────┴──────┴──────┴─────────┴─────────┴─────────┴─────────┘

Req/Bytes counts sampled once per second.
# of samples: 60

1k requests in 60.22s, 224 MB read
3 errors (3 timeouts)
Running 60s test @ http://localhost:3000/naver?query=macbook
2 connections


┌─────────┬──────┬───────┬───────┬───────┬─────────┬───────────┬─────────┐
│ Stat    │ 2.5% │ 50%   │ 97.5% │ 99%   │ Avg     │ Stdev     │ Max     │
├─────────┼──────┼───────┼───────┼───────┼─────────┼───────────┼─────────┤
│ Latency │ 9 ms │ 60 ms │ 70 ms │ 79 ms │ 47.5 ms │ 103.46 ms │ 3940 ms │
└─────────┴──────┴───────┴───────┴───────┴─────────┴───────────┴─────────┘
┌───────────┬─────┬──────┬─────────┬─────────┬─────────┬─────────┬─────────┐
│ Stat      │ 1%  │ 2.5% │ 50%     │ 97.5%   │ Avg     │ Stdev   │ Min     │
├───────────┼─────┼──────┼─────────┼─────────┼─────────┼─────────┼─────────┤
│ Req/Sec   │ 0   │ 0    │ 32      │ 184     │ 41.75   │ 34.71   │ 15      │
├───────────┼─────┼──────┼─────────┼─────────┼─────────┼─────────┼─────────┤
│ Bytes/Sec │ 0 B │ 0 B  │ 5.01 MB │ 28.8 MB │ 6.54 MB │ 5.43 MB │ 2.35 MB │
└───────────┴─────┴──────┴─────────┴─────────┴─────────┴─────────┴─────────┘

Req/Bytes counts sampled once per second.
# of samples: 60

3k requests in 60.24s, 392 MB read
Running 60s test @ http://localhost:3000/naver?query=ps5
2 connections


┌─────────┬──────┬───────┬───────┬───────┬──────────┬───────────┬─────────┐
│ Stat    │ 2.5% │ 50%   │ 97.5% │ 99%   │ Avg      │ Stdev     │ Max     │
├─────────┼──────┼───────┼───────┼───────┼──────────┼───────────┼─────────┤
│ Latency │ 8 ms │ 58 ms │ 68 ms │ 74 ms │ 46.51 ms │ 122.43 ms │ 4374 ms │
└─────────┴──────┴───────┴───────┴───────┴──────────┴───────────┴─────────┘
┌───────────┬─────┬──────┬─────────┬─────────┬─────────┬────────┬─────────┐
│ Stat      │ 1%  │ 2.5% │ 50%     │ 97.5%   │ Avg     │ Stdev  │ Min     │
├───────────┼─────┼──────┼─────────┼─────────┼─────────┼────────┼─────────┤
│ Req/Sec   │ 0   │ 0    │ 32      │ 202     │ 42.64   │ 40.66  │ 25      │
├───────────┼─────┼──────┼─────────┼─────────┼─────────┼────────┼─────────┤
│ Bytes/Sec │ 0 B │ 0 B  │ 4.25 MB │ 26.8 MB │ 5.66 MB │ 5.4 MB │ 3.32 MB │
└───────────┴─────┴──────┴─────────┴─────────┴─────────┴────────┴─────────┘

Req/Bytes counts sampled once per second.
# of samples: 60

3k requests in 60.24s, 340 MB read
Running 60s test @ http://localhost:3000/naver?query=ps5
2 connections


┌─────────┬──────┬───────┬───────┬───────┬──────────┬─────────┬─────────┐
│ Stat    │ 2.5% │ 50%   │ 97.5% │ 99%   │ Avg      │ Stdev   │ Max     │
├─────────┼──────┼───────┼───────┼───────┼──────────┼─────────┼─────────┤
│ Latency │ 8 ms │ 57 ms │ 69 ms │ 75 ms │ 43.13 ms │ 96.2 ms │ 4054 ms │
└─────────┴──────┴───────┴───────┴───────┴──────────┴─────────┴─────────┘
┌───────────┬─────┬──────┬─────────┬─────────┬─────────┬─────────┬─────────┐
│ Stat      │ 1%  │ 2.5% │ 50%     │ 97.5%   │ Avg     │ Stdev   │ Min     │
├───────────┼─────┼──────┼─────────┼─────────┼─────────┼─────────┼─────────┤
│ Req/Sec   │ 0   │ 0    │ 32      │ 199     │ 45.89   │ 42.67   │ 10      │
├───────────┼─────┼──────┼─────────┼─────────┼─────────┼─────────┼─────────┤
│ Bytes/Sec │ 0 B │ 0 B  │ 4.25 MB │ 26.4 MB │ 6.09 MB │ 5.67 MB │ 1.33 MB │
└───────────┴─────┴──────┴─────────┴─────────┴─────────┴─────────┴─────────┘

Req/Bytes counts sampled once per second.
# of samples: 60

3k requests in 60.17s, 366 MB read
Running 60s test @ http://localhost:3000/naver?query=macbook
2 connections


┌─────────┬───────┬───────┬───────┬───────┬──────────┬───────────┬─────────┐
│ Stat    │ 2.5%  │ 50%   │ 97.5% │ 99%   │ Avg      │ Stdev     │ Max     │
├─────────┼───────┼───────┼───────┼───────┼──────────┼───────────┼─────────┤
│ Latency │ 55 ms │ 61 ms │ 78 ms │ 91 ms │ 66.38 ms │ 121.68 ms │ 3727 ms │
└─────────┴───────┴───────┴───────┴───────┴──────────┴───────────┴─────────┘
┌───────────┬─────┬──────┬─────────┬─────────┬─────────┬────────┬─────────┐
│ Stat      │ 1%  │ 2.5% │ 50%     │ 97.5%   │ Avg     │ Stdev  │ Min     │
├───────────┼─────┼──────┼─────────┼─────────┼─────────┼────────┼─────────┤
│ Req/Sec   │ 0   │ 0    │ 32      │ 36      │ 29.99   │ 7.69   │ 9       │
├───────────┼─────┼──────┼─────────┼─────────┼─────────┼────────┼─────────┤
│ Bytes/Sec │ 0 B │ 0 B  │ 5.01 MB │ 5.64 MB │ 4.69 MB │ 1.2 MB │ 1.41 MB │
└───────────┴─────┴──────┴─────────┴─────────┴─────────┴────────┴─────────┘

Req/Bytes counts sampled once per second.
# of samples: 60

2k requests in 60.28s, 282 MB read
Running 60s test @ http://localhost:3000/naver?query=chair
2 connections


┌─────────┬──────┬───────┬───────┬───────┬──────────┬───────────┬─────────┐
│ Stat    │ 2.5% │ 50%   │ 97.5% │ 99%   │ Avg      │ Stdev     │ Max     │
├─────────┼──────┼───────┼───────┼───────┼──────────┼───────────┼─────────┤
│ Latency │ 3 ms │ 54 ms │ 79 ms │ 91 ms │ 43.64 ms │ 123.79 ms │ 5213 ms │
└─────────┴──────┴───────┴───────┴───────┴──────────┴───────────┴─────────┘
┌───────────┬─────┬──────┬─────────┬─────────┬─────────┬─────────┬─────────┐
│ Stat      │ 1%  │ 2.5% │ 50%     │ 97.5%   │ Avg     │ Stdev   │ Min     │
├───────────┼─────┼──────┼─────────┼─────────┼─────────┼─────────┼─────────┤
│ Req/Sec   │ 0   │ 0    │ 31      │ 190     │ 45.45   │ 47.52   │ 11      │
├───────────┼─────┼──────┼─────────┼─────────┼─────────┼─────────┼─────────┤
│ Bytes/Sec │ 0 B │ 0 B  │ 4.53 MB │ 27.8 MB │ 6.64 MB │ 6.94 MB │ 1.61 MB │
└───────────┴─────┴──────┴─────────┴─────────┴─────────┴─────────┴─────────┘

Req/Bytes counts sampled once per second.
# of samples: 60

3k requests in 60.35s, 398 MB read
Running 58s test @ http://localhost:3000/naver?query=ps5
2 connections


┌─────────┬──────┬───────┬───────┬───────┬──────────┬───────────┬─────────┐
│ Stat    │ 2.5% │ 50%   │ 97.5% │ 99%   │ Avg      │ Stdev     │ Max     │
├─────────┼──────┼───────┼───────┼───────┼──────────┼───────────┼─────────┤
│ Latency │ 8 ms │ 57 ms │ 67 ms │ 77 ms │ 47.24 ms │ 192.46 ms │ 8728 ms │
└─────────┴──────┴───────┴───────┴───────┴──────────┴───────────┴─────────┘
┌───────────┬─────┬──────┬─────────┬─────────┬─────────┬─────────┬────────┐
│ Stat      │ 1%  │ 2.5% │ 50%     │ 97.5%   │ Avg     │ Stdev   │ Min    │
├───────────┼─────┼──────┼─────────┼─────────┼─────────┼─────────┼────────┤
│ Req/Sec   │ 0   │ 0    │ 32      │ 189     │ 41.99   │ 37.94   │ 6      │
├───────────┼─────┼──────┼─────────┼─────────┼─────────┼─────────┼────────┤
│ Bytes/Sec │ 0 B │ 0 B  │ 4.25 MB │ 25.1 MB │ 5.57 MB │ 5.04 MB │ 797 kB │
└───────────┴─────┴──────┴─────────┴─────────┴─────────┴─────────┴────────┘

Req/Bytes counts sampled once per second.
# of samples: 58

2k requests in 58.21s, 323 MB read
