Running 60s test @ http://localhost:3000/naver?query=nike
3 connections


┌─────────┬───────┬───────┬───────┬───────┬──────────┬────────┬────────┐
│ Stat    │ 2.5%  │ 50%   │ 97.5% │ 99%   │ Avg      │ Stdev  │ Max    │
├─────────┼───────┼───────┼───────┼───────┼──────────┼────────┼────────┤
│ Latency │ 55 ms │ 62 ms │ 79 ms │ 87 ms │ 62.29 ms │ 5.4 ms │ 109 ms │
└─────────┴───────┴───────┴───────┴───────┴──────────┴────────┴────────┘
┌───────────┬─────┬──────┬─────────┬─────────┬─────────┬─────────┬────────┐
│ Stat      │ 1%  │ 2.5% │ 50%     │ 97.5%   │ Avg     │ Stdev   │ Min    │
├───────────┼─────┼──────┼─────────┼─────────┼─────────┼─────────┼────────┤
│ Req/Sec   │ 0   │ 0    │ 48      │ 52      │ 32.05   │ 22.72   │ 1      │
├───────────┼─────┼──────┼─────────┼─────────┼─────────┼─────────┼────────┤
│ Bytes/Sec │ 0 B │ 0 B  │ 6.53 MB │ 7.07 MB │ 4.36 MB │ 3.09 MB │ 136 kB │
└───────────┴─────┴──────┴─────────┴─────────┴─────────┴─────────┴────────┘

Req/Bytes counts sampled once per second.
# of samples: 60

2k requests in 60.36s, 262 MB read
6 errors (6 timeouts)
Running 60s test @ http://localhost:3000/naver?query=macbook
3 connections


┌─────────┬──────┬───────┬───────┬───────┬──────────┬───────────┬─────────┐
│ Stat    │ 2.5% │ 50%   │ 97.5% │ 99%   │ Avg      │ Stdev     │ Max     │
├─────────┼──────┼───────┼───────┼───────┼──────────┼───────────┼─────────┤
│ Latency │ 8 ms │ 55 ms │ 67 ms │ 72 ms │ 42.75 ms │ 110.69 ms │ 5931 ms │
└─────────┴──────┴───────┴───────┴───────┴──────────┴───────────┴─────────┘
┌───────────┬─────┬──────┬─────────┬───────┬─────────┬─────────┬─────────┐
│ Stat      │ 1%  │ 2.5% │ 50%     │ 97.5% │ Avg     │ Stdev   │ Min     │
├───────────┼─────┼──────┼─────────┼───────┼─────────┼─────────┼─────────┤
│ Req/Sec   │ 0   │ 0    │ 48      │ 300   │ 65.75   │ 61.41   │ 11      │
├───────────┼─────┼──────┼─────────┼───────┼─────────┼─────────┼─────────┤
│ Bytes/Sec │ 0 B │ 0 B  │ 7.51 MB │ 47 MB │ 10.3 MB │ 9.61 MB │ 1.72 MB │
└───────────┴─────┴──────┴─────────┴───────┴─────────┴─────────┴─────────┘

Req/Bytes counts sampled once per second.
# of samples: 60

4k requests in 60.31s, 617 MB read
1 errors (1 timeouts)
Running 60s test @ http://localhost:3000/naver?query=lamp
3 connections


┌─────────┬──────┬───────┬───────┬───────┬──────────┬───────────┬─────────┐
│ Stat    │ 2.5% │ 50%   │ 97.5% │ 99%   │ Avg      │ Stdev     │ Max     │
├─────────┼──────┼───────┼───────┼───────┼──────────┼───────────┼─────────┤
│ Latency │ 8 ms │ 56 ms │ 68 ms │ 74 ms │ 46.83 ms │ 229.11 ms │ 9466 ms │
└─────────┴──────┴───────┴───────┴───────┴──────────┴───────────┴─────────┘
┌───────────┬─────┬──────┬─────────┬─────────┬────────┬─────────┬─────────┐
│ Stat      │ 1%  │ 2.5% │ 50%     │ 97.5%   │ Avg    │ Stdev   │ Min     │
├───────────┼─────┼──────┼─────────┼─────────┼────────┼─────────┼─────────┤
│ Req/Sec   │ 0   │ 0    │ 48      │ 295     │ 63.69  │ 62.7    │ 16      │
├───────────┼─────┼──────┼─────────┼─────────┼────────┼─────────┼─────────┤
│ Bytes/Sec │ 0 B │ 0 B  │ 6.71 MB │ 41.2 MB │ 8.9 MB │ 8.76 MB │ 2.24 MB │
└───────────┴─────┴──────┴─────────┴─────────┴────────┴─────────┴─────────┘

Req/Bytes counts sampled once per second.
# of samples: 60

3820 2xx responses, 1 non 2xx responses
4k requests in 60.4s, 534 MB read
Running 60s test @ http://localhost:3000/naver?query=samsung
3 connections


┌─────────┬───────┬───────┬───────┬───────┬──────────┬───────────┬─────────┐
│ Stat    │ 2.5%  │ 50%   │ 97.5% │ 99%   │ Avg      │ Stdev     │ Max     │
├─────────┼───────┼───────┼───────┼───────┼──────────┼───────────┼─────────┤
│ Latency │ 10 ms │ 59 ms │ 70 ms │ 75 ms │ 52.01 ms │ 188.28 ms │ 7738 ms │
└─────────┴───────┴───────┴───────┴───────┴──────────┴───────────┴─────────┘
┌───────────┬─────┬──────┬─────────┬─────────┬─────────┬─────────┬─────────┐
│ Stat      │ 1%  │ 2.5% │ 50%     │ 97.5%   │ Avg     │ Stdev   │ Min     │
├───────────┼─────┼──────┼─────────┼─────────┼─────────┼─────────┼─────────┤
│ Req/Sec   │ 0   │ 0    │ 48      │ 243     │ 57.34   │ 47.21   │ 16      │
├───────────┼─────┼──────┼─────────┼─────────┼─────────┼─────────┼─────────┤
│ Bytes/Sec │ 0 B │ 0 B  │ 8.71 MB │ 44.1 MB │ 10.4 MB │ 8.56 MB │ 2.92 MB │
└───────────┴─────┴──────┴─────────┴─────────┴─────────┴─────────┴─────────┘

Req/Bytes counts sampled once per second.
# of samples: 60

3k requests in 60.32s, 624 MB read
Running 60s test @ http://localhost:3000/naver?query=samsung
3 connections


┌─────────┬───────┬───────┬───────┬───────┬──────────┬───────────┬─────────┐
│ Stat    │ 2.5%  │ 50%   │ 97.5% │ 99%   │ Avg      │ Stdev     │ Max     │
├─────────┼───────┼───────┼───────┼───────┼──────────┼───────────┼─────────┤
│ Latency │ 10 ms │ 61 ms │ 68 ms │ 76 ms │ 63.11 ms │ 173.11 ms │ 7033 ms │
└─────────┴───────┴───────┴───────┴───────┴──────────┴───────────┴─────────┘
┌───────────┬─────┬──────┬─────────┬─────────┬─────────┬─────────┬─────────┐
│ Stat      │ 1%  │ 2.5% │ 50%     │ 97.5%   │ Avg     │ Stdev   │ Min     │
├───────────┼─────┼──────┼─────────┼─────────┼─────────┼─────────┼─────────┤
│ Req/Sec   │ 0   │ 0    │ 48      │ 53      │ 47.39   │ 25.01   │ 13      │
├───────────┼─────┼──────┼─────────┼─────────┼─────────┼─────────┼─────────┤
│ Bytes/Sec │ 0 B │ 0 B  │ 8.67 MB │ 9.62 MB │ 8.56 MB │ 4.51 MB │ 2.36 MB │
└───────────┴─────┴──────┴─────────┴─────────┴─────────┴─────────┴─────────┘

Req/Bytes counts sampled once per second.
# of samples: 60

3k requests in 60.34s, 514 MB read
Running 60s test @ http://localhost:3000/naver?query=lamp
3 connections


┌─────────┬───────┬───────┬───────┬───────┬──────────┬───────────┬─────────┐
│ Stat    │ 2.5%  │ 50%   │ 97.5% │ 99%   │ Avg      │ Stdev     │ Max     │
├─────────┼───────┼───────┼───────┼───────┼──────────┼───────────┼─────────┤
│ Latency │ 54 ms │ 61 ms │ 76 ms │ 87 ms │ 71.86 ms │ 292.33 ms │ 9293 ms │
└─────────┴───────┴───────┴───────┴───────┴──────────┴───────────┴─────────┘
┌───────────┬─────┬──────┬─────────┬─────────┬─────────┬─────────┬─────────┐
│ Stat      │ 1%  │ 2.5% │ 50%     │ 97.5%   │ Avg     │ Stdev   │ Min     │
├───────────┼─────┼──────┼─────────┼─────────┼─────────┼─────────┼─────────┤
│ Req/Sec   │ 0   │ 0    │ 48      │ 52      │ 41.6    │ 16.16   │ 12      │
├───────────┼─────┼──────┼─────────┼─────────┼─────────┼─────────┼─────────┤
│ Bytes/Sec │ 0 B │ 0 B  │ 6.71 MB │ 7.27 MB │ 5.81 MB │ 2.26 MB │ 1.69 MB │
└───────────┴─────┴──────┴─────────┴─────────┴─────────┴─────────┴─────────┘

Req/Bytes counts sampled once per second.
# of samples: 60

2k requests in 60.27s, 349 MB read
Running 60s test @ http://localhost:3000/naver?query=nike
3 connections


┌─────────┬──────┬───────┬───────┬───────┬──────────┬───────────┬─────────┐
│ Stat    │ 2.5% │ 50%   │ 97.5% │ 99%   │ Avg      │ Stdev     │ Max     │
├─────────┼──────┼───────┼───────┼───────┼──────────┼───────────┼─────────┤
│ Latency │ 7 ms │ 60 ms │ 80 ms │ 86 ms │ 47.29 ms │ 108.94 ms │ 4527 ms │
└─────────┴──────┴───────┴───────┴───────┴──────────┴───────────┴─────────┘
┌───────────┬─────┬──────┬─────────┬─────────┬─────────┬────────┬─────────┐
│ Stat      │ 1%  │ 2.5% │ 50%     │ 97.5%   │ Avg     │ Stdev  │ Min     │
├───────────┼─────┼──────┼─────────┼─────────┼─────────┼────────┼─────────┤
│ Req/Sec   │ 0   │ 0    │ 45      │ 239     │ 59.47   │ 54.41  │ 19      │
├───────────┼─────┼──────┼─────────┼─────────┼─────────┼────────┼─────────┤
│ Bytes/Sec │ 0 B │ 0 B  │ 6.12 MB │ 32.5 MB │ 8.09 MB │ 7.4 MB │ 2.58 MB │
└───────────┴─────┴──────┴─────────┴─────────┴─────────┴────────┴─────────┘

Req/Bytes counts sampled once per second.
# of samples: 60

4k requests in 60.29s, 485 MB read
1 errors (1 timeouts)
Running 60s test @ http://localhost:3000/naver?query=chair
3 connections


┌─────────┬──────┬───────┬───────┬───────┬──────────┬──────────┬─────────┐
│ Stat    │ 2.5% │ 50%   │ 97.5% │ 99%   │ Avg      │ Stdev    │ Max     │
├─────────┼──────┼───────┼───────┼───────┼──────────┼──────────┼─────────┤
│ Latency │ 8 ms │ 57 ms │ 65 ms │ 69 ms │ 47.35 ms │ 209.4 ms │ 9242 ms │
└─────────┴──────┴───────┴───────┴───────┴──────────┴──────────┴─────────┘
┌───────────┬─────┬──────┬─────────┬─────────┬─────────┬─────────┬─────────┐
│ Stat      │ 1%  │ 2.5% │ 50%     │ 97.5%   │ Avg     │ Stdev   │ Min     │
├───────────┼─────┼──────┼─────────┼─────────┼─────────┼─────────┼─────────┤
│ Req/Sec   │ 0   │ 0    │ 49      │ 278     │ 59.35   │ 58.39   │ 11      │
├───────────┼─────┼──────┼─────────┼─────────┼─────────┼─────────┼─────────┤
│ Bytes/Sec │ 0 B │ 0 B  │ 7.16 MB │ 40.6 MB │ 8.67 MB │ 8.53 MB │ 1.61 MB │
└───────────┴─────┴──────┴─────────┴─────────┴─────────┴─────────┴─────────┘

Req/Bytes counts sampled once per second.
# of samples: 60

4k requests in 60.24s, 520 MB read
1 errors (1 timeouts)
Running 60s test @ http://localhost:3000/naver?query=lamp
3 connections


┌─────────┬──────┬───────┬───────┬───────┬──────────┬───────────┬─────────┐
│ Stat    │ 2.5% │ 50%   │ 97.5% │ 99%   │ Avg      │ Stdev     │ Max     │
├─────────┼──────┼───────┼───────┼───────┼──────────┼───────────┼─────────┤
│ Latency │ 8 ms │ 56 ms │ 65 ms │ 69 ms │ 42.45 ms │ 107.24 ms │ 4527 ms │
└─────────┴──────┴───────┴───────┴───────┴──────────┴───────────┴─────────┘
┌───────────┬─────┬──────┬─────────┬─────────┬─────────┬───────┬────────┐
│ Stat      │ 1%  │ 2.5% │ 50%     │ 97.5%   │ Avg     │ Stdev │ Min    │
├───────────┼─────┼──────┼─────────┼─────────┼─────────┼───────┼────────┤
│ Req/Sec   │ 0   │ 0    │ 50      │ 303     │ 70.02   │ 64.45 │ 5      │
├───────────┼─────┼──────┼─────────┼─────────┼─────────┼───────┼────────┤
│ Bytes/Sec │ 0 B │ 0 B  │ 6.98 MB │ 42.3 MB │ 9.78 MB │ 9 MB  │ 698 kB │
└───────────┴─────┴──────┴─────────┴─────────┴─────────┴───────┴────────┘

Req/Bytes counts sampled once per second.
# of samples: 60

4k requests in 60.26s, 587 MB read
Running 60s test @ http://localhost:3000/naver?query=macbook
3 connections


┌─────────┬──────┬───────┬───────┬───────┬──────────┬───────────┬─────────┐
│ Stat    │ 2.5% │ 50%   │ 97.5% │ 99%   │ Avg      │ Stdev     │ Max     │
├─────────┼──────┼───────┼───────┼───────┼──────────┼───────────┼─────────┤
│ Latency │ 8 ms │ 56 ms │ 69 ms │ 79 ms │ 44.47 ms │ 101.14 ms │ 3850 ms │
└─────────┴──────┴───────┴───────┴───────┴──────────┴───────────┴─────────┘
┌───────────┬─────┬──────┬─────────┬─────────┬─────────┬─────────┬─────────┐
│ Stat      │ 1%  │ 2.5% │ 50%     │ 97.5%   │ Avg     │ Stdev   │ Min     │
├───────────┼─────┼──────┼─────────┼─────────┼─────────┼─────────┼─────────┤
│ Req/Sec   │ 0   │ 0    │ 50      │ 284     │ 66.75   │ 57.9    │ 21      │
├───────────┼─────┼──────┼─────────┼─────────┼─────────┼─────────┼─────────┤
│ Bytes/Sec │ 0 B │ 0 B  │ 7.83 MB │ 44.5 MB │ 10.4 MB │ 9.06 MB │ 3.29 MB │
└───────────┴─────┴──────┴─────────┴─────────┴─────────┴─────────┴─────────┘

Req/Bytes counts sampled once per second.
# of samples: 60

4k requests in 60.16s, 627 MB read
Running 60s test @ http://localhost:3000/naver?query=lamp
3 connections


┌─────────┬───────┬───────┬───────┬───────┬──────────┬───────────┬─────────┐
│ Stat    │ 2.5%  │ 50%   │ 97.5% │ 99%   │ Avg      │ Stdev     │ Max     │
├─────────┼───────┼───────┼───────┼───────┼──────────┼───────────┼─────────┤
│ Latency │ 54 ms │ 59 ms │ 66 ms │ 74 ms │ 63.69 ms │ 124.92 ms │ 4742 ms │
└─────────┴───────┴───────┴───────┴───────┴──────────┴───────────┴─────────┘
┌───────────┬─────┬──────┬─────────┬─────────┬─────────┬─────────┬─────────┐
│ Stat      │ 1%  │ 2.5% │ 50%     │ 97.5%   │ Avg     │ Stdev   │ Min     │
├───────────┼─────┼──────┼─────────┼─────────┼─────────┼─────────┼─────────┤
│ Req/Sec   │ 0   │ 0    │ 50      │ 52      │ 46.87   │ 10.6    │ 17      │
├───────────┼─────┼──────┼─────────┼─────────┼─────────┼─────────┼─────────┤
│ Bytes/Sec │ 0 B │ 0 B  │ 6.99 MB │ 7.27 MB │ 6.55 MB │ 1.48 MB │ 2.37 MB │
└───────────┴─────┴──────┴─────────┴─────────┴─────────┴─────────┴─────────┘

Req/Bytes counts sampled once per second.
# of samples: 60

3k requests in 60.25s, 393 MB read
Running 60s test @ http://localhost:3000/naver?query=lamp
3 connections


┌─────────┬──────┬───────┬───────┬───────┬──────────┬──────────┬─────────┐
│ Stat    │ 2.5% │ 50%   │ 97.5% │ 99%   │ Avg      │ Stdev    │ Max     │
├─────────┼──────┼───────┼───────┼───────┼──────────┼──────────┼─────────┤
│ Latency │ 4 ms │ 36 ms │ 70 ms │ 77 ms │ 38.95 ms │ 90.34 ms │ 4796 ms │
└─────────┴──────┴───────┴───────┴───────┴──────────┴──────────┴─────────┘
┌───────────┬─────┬──────┬─────────┬─────────┬─────────┬─────────┬────────┐
│ Stat      │ 1%  │ 2.5% │ 50%     │ 97.5%   │ Avg     │ Stdev   │ Min    │
├───────────┼─────┼──────┼─────────┼─────────┼─────────┼─────────┼────────┤
│ Req/Sec   │ 0   │ 0    │ 46      │ 496     │ 71.95   │ 102.68  │ 2      │
├───────────┼─────┼──────┼─────────┼─────────┼─────────┼─────────┼────────┤
│ Bytes/Sec │ 0 B │ 0 B  │ 6.43 MB │ 69.3 MB │ 10.1 MB │ 14.4 MB │ 280 kB │
└───────────┴─────┴──────┴─────────┴─────────┴─────────┴─────────┴────────┘

Req/Bytes counts sampled once per second.
# of samples: 60

4k requests in 60.19s, 603 MB read
1 errors (1 timeouts)
Running 60s test @ http://localhost:3000/naver?query=nike
3 connections


┌─────────┬──────┬───────┬───────┬───────┬──────────┬───────────┬─────────┐
│ Stat    │ 2.5% │ 50%   │ 97.5% │ 99%   │ Avg      │ Stdev     │ Max     │
├─────────┼──────┼───────┼───────┼───────┼──────────┼───────────┼─────────┤
│ Latency │ 8 ms │ 60 ms │ 69 ms │ 72 ms │ 49.29 ms │ 184.68 ms │ 9700 ms │
└─────────┴──────┴───────┴───────┴───────┴──────────┴───────────┴─────────┘
┌───────────┬─────┬──────┬────────┬─────────┬─────────┬─────────┬─────────┐
│ Stat      │ 1%  │ 2.5% │ 50%    │ 97.5%   │ Avg     │ Stdev   │ Min     │
├───────────┼─────┼──────┼────────┼─────────┼─────────┼─────────┼─────────┤
│ Req/Sec   │ 0   │ 0    │ 47     │ 285     │ 60.4    │ 56.72   │ 9       │
├───────────┼─────┼──────┼────────┼─────────┼─────────┼─────────┼─────────┤
│ Bytes/Sec │ 0 B │ 0 B  │ 6.4 MB │ 38.8 MB │ 8.22 MB │ 7.72 MB │ 1.22 MB │
└───────────┴─────┴──────┴────────┴─────────┴─────────┴─────────┴─────────┘

Req/Bytes counts sampled once per second.
# of samples: 60

4k requests in 60.22s, 493 MB read
Running 60s test @ http://localhost:3000/naver?query=nike
3 connections


┌─────────┬──────┬───────┬───────┬───────┬──────────┬───────────┬─────────┐
│ Stat    │ 2.5% │ 50%   │ 97.5% │ 99%   │ Avg      │ Stdev     │ Max     │
├─────────┼──────┼───────┼───────┼───────┼──────────┼───────────┼─────────┤
│ Latency │ 7 ms │ 57 ms │ 68 ms │ 75 ms │ 44.45 ms │ 156.46 ms │ 7708 ms │
└─────────┴──────┴───────┴───────┴───────┴──────────┴───────────┴─────────┘
┌───────────┬─────┬──────┬─────────┬─────────┬─────────┬─────────┬────────┐
│ Stat      │ 1%  │ 2.5% │ 50%     │ 97.5%   │ Avg     │ Stdev   │ Min    │
├───────────┼─────┼──────┼─────────┼─────────┼─────────┼─────────┼────────┤
│ Req/Sec   │ 0   │ 0    │ 48      │ 311     │ 66.82   │ 68.35   │ 3      │
├───────────┼─────┼──────┼─────────┼─────────┼─────────┼─────────┼────────┤
│ Bytes/Sec │ 0 B │ 0 B  │ 6.53 MB │ 42.3 MB │ 9.09 MB │ 9.29 MB │ 408 kB │
└───────────┴─────┴──────┴─────────┴─────────┴─────────┴─────────┴────────┘

Req/Bytes counts sampled once per second.
# of samples: 60

4k requests in 60.2s, 545 MB read
Running 60s test @ http://localhost:3000/naver?query=macbook
3 connections


┌─────────┬──────┬───────┬───────┬───────┬──────────┬───────────┬─────────┐
│ Stat    │ 2.5% │ 50%   │ 97.5% │ 99%   │ Avg      │ Stdev     │ Max     │
├─────────┼──────┼───────┼───────┼───────┼──────────┼───────────┼─────────┤
│ Latency │ 9 ms │ 60 ms │ 69 ms │ 73 ms │ 48.98 ms │ 175.17 ms │ 8776 ms │
└─────────┴──────┴───────┴───────┴───────┴──────────┴───────────┴─────────┘
┌───────────┬─────┬──────┬─────────┬───────┬─────────┬─────────┬────────┐
│ Stat      │ 1%  │ 2.5% │ 50%     │ 97.5% │ Avg     │ Stdev   │ Min    │
├───────────┼─────┼──────┼─────────┼───────┼─────────┼─────────┼────────┤
│ Req/Sec   │ 0   │ 0    │ 48      │ 281   │ 60.77   │ 56.69   │ 1      │
├───────────┼─────┼──────┼─────────┼───────┼─────────┼─────────┼────────┤
│ Bytes/Sec │ 0 B │ 0 B  │ 7.51 MB │ 44 MB │ 9.51 MB │ 8.87 MB │ 156 kB │
└───────────┴─────┴──────┴─────────┴───────┴─────────┴─────────┴────────┘

Req/Bytes counts sampled once per second.
# of samples: 60

4k requests in 60.21s, 571 MB read
Running 60s test @ http://localhost:3000/naver?query=chair
3 connections


┌─────────┬──────┬───────┬───────┬───────┬──────────┬───────────┬─────────┐
│ Stat    │ 2.5% │ 50%   │ 97.5% │ 99%   │ Avg      │ Stdev     │ Max     │
├─────────┼──────┼───────┼───────┼───────┼──────────┼───────────┼─────────┤
│ Latency │ 8 ms │ 61 ms │ 71 ms │ 84 ms │ 49.93 ms │ 137.98 ms │ 5544 ms │
└─────────┴──────┴───────┴───────┴───────┴──────────┴───────────┴─────────┘
┌───────────┬─────┬──────┬─────────┬─────────┬─────────┬─────────┬────────┐
│ Stat      │ 1%  │ 2.5% │ 50%     │ 97.5%   │ Avg     │ Stdev   │ Min    │
├───────────┼─────┼──────┼─────────┼─────────┼─────────┼─────────┼────────┤
│ Req/Sec   │ 0   │ 0    │ 46      │ 292     │ 59.6    │ 55.93   │ 1      │
├───────────┼─────┼──────┼─────────┼─────────┼─────────┼─────────┼────────┤
│ Bytes/Sec │ 0 B │ 0 B  │ 6.72 MB │ 42.7 MB │ 8.71 MB │ 8.17 MB │ 146 kB │
└───────────┴─────┴──────┴─────────┴─────────┴─────────┴─────────┴────────┘

Req/Bytes counts sampled once per second.
# of samples: 60

4k requests in 60.21s, 523 MB read
Running 60s test @ http://localhost:3000/naver?query=macbook
3 connections


┌─────────┬──────┬───────┬───────┬───────┬──────────┬───────────┬─────────┐
│ Stat    │ 2.5% │ 50%   │ 97.5% │ 99%   │ Avg      │ Stdev     │ Max     │
├─────────┼──────┼───────┼───────┼───────┼──────────┼───────────┼─────────┤
│ Latency │ 8 ms │ 60 ms │ 68 ms │ 74 ms │ 48.91 ms │ 116.83 ms │ 5809 ms │
└─────────┴──────┴───────┴───────┴───────┴──────────┴───────────┴─────────┘
┌───────────┬─────┬──────┬─────────┬─────────┬─────────┬─────────┬─────────┐
│ Stat      │ 1%  │ 2.5% │ 50%     │ 97.5%   │ Avg     │ Stdev   │ Min     │
├───────────┼─────┼──────┼─────────┼─────────┼─────────┼─────────┼─────────┤
│ Req/Sec   │ 0   │ 0    │ 48      │ 293     │ 57.45   │ 56.97   │ 10      │
├───────────┼─────┼──────┼─────────┼─────────┼─────────┼─────────┼─────────┤
│ Bytes/Sec │ 0 B │ 0 B  │ 7.51 MB │ 45.9 MB │ 8.99 MB │ 8.92 MB │ 1.57 MB │
└───────────┴─────┴──────┴─────────┴─────────┴─────────┴─────────┴─────────┘

Req/Bytes counts sampled once per second.
# of samples: 60

3k requests in 60.2s, 539 MB read
1 errors (1 timeouts)
Running 60s test @ http://localhost:3000/naver?query=macbook
3 connections


┌─────────┬───────┬───────┬───────┬───────┬──────────┬───────────┬─────────┐
│ Stat    │ 2.5%  │ 50%   │ 97.5% │ 99%   │ Avg      │ Stdev     │ Max     │
├─────────┼───────┼───────┼───────┼───────┼──────────┼───────────┼─────────┤
│ Latency │ 27 ms │ 62 ms │ 69 ms │ 71 ms │ 64.62 ms │ 175.58 ms │ 7159 ms │
└─────────┴───────┴───────┴───────┴───────┴──────────┴───────────┴─────────┘
┌───────────┬─────┬──────┬─────────┬─────────┬─────────┬─────────┬────────┐
│ Stat      │ 1%  │ 2.5% │ 50%     │ 97.5%   │ Avg     │ Stdev   │ Min    │
├───────────┼─────┼──────┼─────────┼─────────┼─────────┼─────────┼────────┤
│ Req/Sec   │ 0   │ 0    │ 47      │ 103     │ 46.14   │ 16.66   │ 3      │
├───────────┼─────┼──────┼─────────┼─────────┼─────────┼─────────┼────────┤
│ Bytes/Sec │ 0 B │ 0 B  │ 7.36 MB │ 16.1 MB │ 7.22 MB │ 2.61 MB │ 469 kB │
└───────────┴─────┴──────┴─────────┴─────────┴─────────┴─────────┴────────┘

Req/Bytes counts sampled once per second.
# of samples: 60

3k requests in 60.18s, 433 MB read
Running 60s test @ http://localhost:3000/naver?query=nike
3 connections


┌─────────┬──────┬───────┬───────┬───────┬──────────┬───────────┬─────────┐
│ Stat    │ 2.5% │ 50%   │ 97.5% │ 99%   │ Avg      │ Stdev     │ Max     │
├─────────┼──────┼───────┼───────┼───────┼──────────┼───────────┼─────────┤
│ Latency │ 8 ms │ 60 ms │ 69 ms │ 72 ms │ 46.84 ms │ 132.58 ms │ 5824 ms │
└─────────┴──────┴───────┴───────┴───────┴──────────┴───────────┴─────────┘
┌───────────┬─────┬──────┬─────────┬─────────┬─────────┬─────────┬─────────┐
│ Stat      │ 1%  │ 2.5% │ 50%     │ 97.5%   │ Avg     │ Stdev   │ Min     │
├───────────┼─────┼──────┼─────────┼─────────┼─────────┼─────────┼─────────┤
│ Req/Sec   │ 0   │ 0    │ 47      │ 259     │ 60.02   │ 54.31   │ 17      │
├───────────┼─────┼──────┼─────────┼─────────┼─────────┼─────────┼─────────┤
│ Bytes/Sec │ 0 B │ 0 B  │ 6.39 MB │ 35.2 MB │ 8.16 MB │ 7.38 MB │ 2.31 MB │
└───────────┴─────┴──────┴─────────┴─────────┴─────────┴─────────┴─────────┘

Req/Bytes counts sampled once per second.
# of samples: 60

4k requests in 60.25s, 490 MB read
1 errors (1 timeouts)
Running 60s test @ http://localhost:3000/naver?query=lamp
3 connections


┌─────────┬──────┬───────┬───────┬───────┬─────────┬───────────┬─────────┐
│ Stat    │ 2.5% │ 50%   │ 97.5% │ 99%   │ Avg     │ Stdev     │ Max     │
├─────────┼──────┼───────┼───────┼───────┼─────────┼───────────┼─────────┤
│ Latency │ 8 ms │ 57 ms │ 70 ms │ 82 ms │ 45.8 ms │ 117.75 ms │ 5006 ms │
└─────────┴──────┴───────┴───────┴───────┴─────────┴───────────┴─────────┘
┌───────────┬─────┬──────┬─────────┬─────────┬─────────┬─────────┬────────┐
│ Stat      │ 1%  │ 2.5% │ 50%     │ 97.5%   │ Avg     │ Stdev   │ Min    │
├───────────┼─────┼──────┼─────────┼─────────┼─────────┼─────────┼────────┤
│ Req/Sec   │ 0   │ 0    │ 49      │ 306     │ 61.34   │ 57.66   │ 2      │
├───────────┼─────┼──────┼─────────┼─────────┼─────────┼─────────┼────────┤
│ Bytes/Sec │ 0 B │ 0 B  │ 6.84 MB │ 42.7 MB │ 8.56 MB │ 8.05 MB │ 279 kB │
└───────────┴─────┴──────┴─────────┴─────────┴─────────┴─────────┴────────┘

Req/Bytes counts sampled once per second.
# of samples: 60

4k requests in 60.22s, 514 MB read
1 errors (1 timeouts)
Running 60s test @ http://localhost:3000/naver?query=samsung
3 connections


┌─────────┬───────┬───────┬───────┬───────┬──────────┬───────────┬─────────┐
│ Stat    │ 2.5%  │ 50%   │ 97.5% │ 99%   │ Avg      │ Stdev     │ Max     │
├─────────┼───────┼───────┼───────┼───────┼──────────┼───────────┼─────────┤
│ Latency │ 10 ms │ 58 ms │ 67 ms │ 71 ms │ 47.09 ms │ 110.47 ms │ 5069 ms │
└─────────┴───────┴───────┴───────┴───────┴──────────┴───────────┴─────────┘
┌───────────┬─────┬──────┬─────────┬─────────┬─────────┬─────────┬─────────┐
│ Stat      │ 1%  │ 2.5% │ 50%     │ 97.5%   │ Avg     │ Stdev   │ Min     │
├───────────┼─────┼──────┼─────────┼─────────┼─────────┼─────────┼─────────┤
│ Req/Sec   │ 0   │ 0    │ 48      │ 261     │ 59.72   │ 52.24   │ 15      │
├───────────┼─────┼──────┼─────────┼─────────┼─────────┼─────────┼─────────┤
│ Bytes/Sec │ 0 B │ 0 B  │ 8.77 MB │ 47.6 MB │ 10.9 MB │ 9.53 MB │ 2.72 MB │
└───────────┴─────┴──────┴─────────┴─────────┴─────────┴─────────┴─────────┘

Req/Bytes counts sampled once per second.
# of samples: 60

4k requests in 60.26s, 654 MB read
1 errors (1 timeouts)
Running 60s test @ http://localhost:3000/naver?query=lamp
3 connections


┌─────────┬──────┬───────┬───────┬───────┬──────────┬───────────┬─────────┐
│ Stat    │ 2.5% │ 50%   │ 97.5% │ 99%   │ Avg      │ Stdev     │ Max     │
├─────────┼──────┼───────┼───────┼───────┼──────────┼───────────┼─────────┤
│ Latency │ 9 ms │ 59 ms │ 68 ms │ 72 ms │ 49.66 ms │ 121.19 ms │ 4981 ms │
└─────────┴──────┴───────┴───────┴───────┴──────────┴───────────┴─────────┘
┌───────────┬─────┬──────┬─────────┬─────────┬─────────┬─────────┬─────────┐
│ Stat      │ 1%  │ 2.5% │ 50%     │ 97.5%   │ Avg     │ Stdev   │ Min     │
├───────────┼─────┼──────┼─────────┼─────────┼─────────┼─────────┼─────────┤
│ Req/Sec   │ 0   │ 0    │ 48      │ 268     │ 59.94   │ 48.43   │ 11      │
├───────────┼─────┼──────┼─────────┼─────────┼─────────┼─────────┼─────────┤
│ Bytes/Sec │ 0 B │ 0 B  │ 6.71 MB │ 37.5 MB │ 8.37 MB │ 6.76 MB │ 1.54 MB │
└───────────┴─────┴──────┴─────────┴─────────┴─────────┴─────────┴─────────┘

Req/Bytes counts sampled once per second.
# of samples: 60

4k requests in 60.23s, 502 MB read
Running 60s test @ http://localhost:3000/naver?query=macbook
3 connections


┌─────────┬──────┬───────┬───────┬───────┬──────────┬───────────┬─────────┐
│ Stat    │ 2.5% │ 50%   │ 97.5% │ 99%   │ Avg      │ Stdev     │ Max     │
├─────────┼──────┼───────┼───────┼───────┼──────────┼───────────┼─────────┤
│ Latency │ 9 ms │ 63 ms │ 69 ms │ 76 ms │ 62.75 ms │ 162.55 ms │ 6536 ms │
└─────────┴──────┴───────┴───────┴───────┴──────────┴───────────┴─────────┘
┌───────────┬─────┬──────┬─────────┬───────┬─────────┬─────────┬─────────┐
│ Stat      │ 1%  │ 2.5% │ 50%     │ 97.5% │ Avg     │ Stdev   │ Min     │
├───────────┼─────┼──────┼─────────┼───────┼─────────┼─────────┼─────────┤
│ Req/Sec   │ 0   │ 0    │ 47      │ 64    │ 47.52   │ 33.98   │ 31      │
├───────────┼─────┼──────┼─────────┼───────┼─────────┼─────────┼─────────┤
│ Bytes/Sec │ 0 B │ 0 B  │ 7.36 MB │ 10 MB │ 7.44 MB │ 5.32 MB │ 4.85 MB │
└───────────┴─────┴──────┴─────────┴───────┴─────────┴─────────┴─────────┘

Req/Bytes counts sampled once per second.
# of samples: 60

3k requests in 60.19s, 446 MB read
Running 60s test @ http://localhost:3000/naver?query=macbook
3 connections


┌─────────┬───────┬───────┬───────┬───────┬──────────┬───────────┬─────────┐
│ Stat    │ 2.5%  │ 50%   │ 97.5% │ 99%   │ Avg      │ Stdev     │ Max     │
├─────────┼───────┼───────┼───────┼───────┼──────────┼───────────┼─────────┤
│ Latency │ 10 ms │ 59 ms │ 66 ms │ 79 ms │ 54.17 ms │ 111.96 ms │ 4540 ms │
└─────────┴───────┴───────┴───────┴───────┴──────────┴───────────┴─────────┘
┌───────────┬─────┬─────────┬─────────┬─────────┬─────────┬─────────┬─────────┐
│ Stat      │ 1%  │ 2.5%    │ 50%     │ 97.5%   │ Avg     │ Stdev   │ Min     │
├───────────┼─────┼─────────┼─────────┼─────────┼─────────┼─────────┼─────────┤
│ Req/Sec   │ 0   │ 15      │ 50      │ 214     │ 55.02   │ 33.6    │ 15      │
├───────────┼─────┼─────────┼─────────┼─────────┼─────────┼─────────┼─────────┤
│ Bytes/Sec │ 0 B │ 2.35 MB │ 7.83 MB │ 33.5 MB │ 8.61 MB │ 5.26 MB │ 2.35 MB │
└───────────┴─────┴─────────┴─────────┴─────────┴─────────┴─────────┴─────────┘

Req/Bytes counts sampled once per second.
# of samples: 60

3k requests in 60.29s, 517 MB read
Running 60s test @ http://localhost:3000/naver?query=nike
3 connections


┌─────────┬──────┬───────┬───────┬───────┬──────────┬──────────┬─────────┐
│ Stat    │ 2.5% │ 50%   │ 97.5% │ 99%   │ Avg      │ Stdev    │ Max     │
├─────────┼──────┼───────┼───────┼───────┼──────────┼──────────┼─────────┤
│ Latency │ 8 ms │ 56 ms │ 66 ms │ 78 ms │ 46.79 ms │ 93.45 ms │ 3640 ms │
└─────────┴──────┴───────┴───────┴───────┴──────────┴──────────┴─────────┘
┌───────────┬─────┬──────┬─────────┬─────────┬─────────┬─────────┬────────┐
│ Stat      │ 1%  │ 2.5% │ 50%     │ 97.5%   │ Avg     │ Stdev   │ Min    │
├───────────┼─────┼──────┼─────────┼─────────┼─────────┼─────────┼────────┤
│ Req/Sec   │ 0   │ 0    │ 50      │ 267     │ 63.54   │ 52.26   │ 1      │
├───────────┼─────┼──────┼─────────┼─────────┼─────────┼─────────┼────────┤
│ Bytes/Sec │ 0 B │ 0 B  │ 6.79 MB │ 36.3 MB │ 8.63 MB │ 7.09 MB │ 136 kB │
└───────────┴─────┴──────┴─────────┴─────────┴─────────┴─────────┴────────┘

Req/Bytes counts sampled once per second.
# of samples: 60

4k requests in 60.19s, 518 MB read
Running 60s test @ http://localhost:3000/naver?query=ps5
3 connections


┌─────────┬──────┬───────┬───────┬───────┬──────────┬───────────┬─────────┐
│ Stat    │ 2.5% │ 50%   │ 97.5% │ 99%   │ Avg      │ Stdev     │ Max     │
├─────────┼──────┼───────┼───────┼───────┼──────────┼───────────┼─────────┤
│ Latency │ 8 ms │ 57 ms │ 66 ms │ 71 ms │ 45.86 ms │ 172.65 ms │ 7490 ms │
└─────────┴──────┴───────┴───────┴───────┴──────────┴───────────┴─────────┘
┌───────────┬─────┬──────┬─────────┬─────────┬────────┬─────────┬─────────┐
│ Stat      │ 1%  │ 2.5% │ 50%     │ 97.5%   │ Avg    │ Stdev   │ Min     │
├───────────┼─────┼──────┼─────────┼─────────┼────────┼─────────┼─────────┤
│ Req/Sec   │ 0   │ 0    │ 50      │ 300     │ 64.8   │ 63.14   │ 13      │
├───────────┼─────┼──────┼─────────┼─────────┼────────┼─────────┼─────────┤
│ Bytes/Sec │ 0 B │ 0 B  │ 6.64 MB │ 39.8 MB │ 8.6 MB │ 8.38 MB │ 1.73 MB │
└───────────┴─────┴──────┴─────────┴─────────┴────────┴─────────┴─────────┘

Req/Bytes counts sampled once per second.
# of samples: 60

3887 2xx responses, 1 non 2xx responses
4k requests in 60.19s, 516 MB read
Running 60s test @ http://localhost:3000/naver?query=macbook
3 connections


┌─────────┬──────┬───────┬───────┬───────┬──────────┬───────────┬─────────┐
│ Stat    │ 2.5% │ 50%   │ 97.5% │ 99%   │ Avg      │ Stdev     │ Max     │
├─────────┼──────┼───────┼───────┼───────┼──────────┼───────────┼─────────┤
│ Latency │ 9 ms │ 58 ms │ 72 ms │ 81 ms │ 47.01 ms │ 100.37 ms │ 3910 ms │
└─────────┴──────┴───────┴───────┴───────┴──────────┴───────────┴─────────┘
┌───────────┬─────┬──────┬─────────┬─────────┬────────┬─────────┬─────────┐
│ Stat      │ 1%  │ 2.5% │ 50%     │ 97.5%   │ Avg    │ Stdev   │ Min     │
├───────────┼─────┼──────┼─────────┼─────────┼────────┼─────────┼─────────┤
│ Req/Sec   │ 0   │ 0    │ 48      │ 264     │ 63.25  │ 51.23   │ 17      │
├───────────┼─────┼──────┼─────────┼─────────┼────────┼─────────┼─────────┤
│ Bytes/Sec │ 0 B │ 0 B  │ 7.51 MB │ 41.3 MB │ 9.9 MB │ 8.01 MB │ 2.66 MB │
└───────────┴─────┴──────┴─────────┴─────────┴────────┴─────────┴─────────┘

Req/Bytes counts sampled once per second.
# of samples: 60

4k requests in 60.2s, 594 MB read
Running 60s test @ http://localhost:3000/naver?query=nike
3 connections


┌─────────┬──────┬───────┬───────┬───────┬──────────┬──────────┬─────────┐
│ Stat    │ 2.5% │ 50%   │ 97.5% │ 99%   │ Avg      │ Stdev    │ Max     │
├─────────┼──────┼───────┼───────┼───────┼──────────┼──────────┼─────────┤
│ Latency │ 8 ms │ 57 ms │ 72 ms │ 84 ms │ 45.72 ms │ 95.43 ms │ 4591 ms │
└─────────┴──────┴───────┴───────┴───────┴──────────┴──────────┴─────────┘
┌───────────┬─────┬──────┬─────────┬─────────┬─────────┬─────────┬─────────┐
│ Stat      │ 1%  │ 2.5% │ 50%     │ 97.5%   │ Avg     │ Stdev   │ Min     │
├───────────┼─────┼──────┼─────────┼─────────┼─────────┼─────────┼─────────┤
│ Req/Sec   │ 0   │ 0    │ 49      │ 300     │ 61.57   │ 59.46   │ 13      │
├───────────┼─────┼──────┼─────────┼─────────┼─────────┼─────────┼─────────┤
│ Bytes/Sec │ 0 B │ 0 B  │ 6.66 MB │ 40.8 MB │ 8.37 MB │ 8.08 MB │ 1.76 MB │
└───────────┴─────┴──────┴─────────┴─────────┴─────────┴─────────┴─────────┘

Req/Bytes counts sampled once per second.
# of samples: 60

4k requests in 60.35s, 502 MB read
1 errors (1 timeouts)
Running 60s test @ http://localhost:3000/naver?query=macbook
3 connections


┌─────────┬───────┬───────┬───────┬───────┬──────────┬───────────┬─────────┐
│ Stat    │ 2.5%  │ 50%   │ 97.5% │ 99%   │ Avg      │ Stdev     │ Max     │
├─────────┼───────┼───────┼───────┼───────┼──────────┼───────────┼─────────┤
│ Latency │ 56 ms │ 61 ms │ 69 ms │ 82 ms │ 65.93 ms │ 134.08 ms │ 4578 ms │
└─────────┴───────┴───────┴───────┴───────┴──────────┴───────────┴─────────┘
┌───────────┬─────┬──────┬─────────┬─────────┬─────────┬─────────┬─────────┐
│ Stat      │ 1%  │ 2.5% │ 50%     │ 97.5%   │ Avg     │ Stdev   │ Min     │
├───────────┼─────┼──────┼─────────┼─────────┼─────────┼─────────┼─────────┤
│ Req/Sec   │ 0   │ 0    │ 48      │ 51      │ 45.4    │ 11.41   │ 22      │
├───────────┼─────┼──────┼─────────┼─────────┼─────────┼─────────┼─────────┤
│ Bytes/Sec │ 0 B │ 0 B  │ 7.52 MB │ 7.99 MB │ 7.11 MB │ 1.79 MB │ 3.44 MB │
└───────────┴─────┴──────┴─────────┴─────────┴─────────┴─────────┴─────────┘

Req/Bytes counts sampled once per second.
# of samples: 60

3k requests in 60.44s, 426 MB read
Running 60s test @ http://localhost:3000/naver?query=macbook
3 connections


┌─────────┬──────┬───────┬───────┬───────┬───────┬───────────┬─────────┐
│ Stat    │ 2.5% │ 50%   │ 97.5% │ 99%   │ Avg   │ Stdev     │ Max     │
├─────────┼──────┼───────┼───────┼───────┼───────┼───────────┼─────────┤
│ Latency │ 5 ms │ 32 ms │ 68 ms │ 74 ms │ 39 ms │ 112.67 ms │ 4832 ms │
└─────────┴──────┴───────┴───────┴───────┴───────┴───────────┴─────────┘
┌───────────┬─────┬──────┬─────────┬─────────┬─────────┬─────────┬─────────┐
│ Stat      │ 1%  │ 2.5% │ 50%     │ 97.5%   │ Avg     │ Stdev   │ Min     │
├───────────┼─────┼──────┼─────────┼─────────┼─────────┼─────────┼─────────┤
│ Req/Sec   │ 0   │ 0    │ 48      │ 459     │ 76.25   │ 93.82   │ 15      │
├───────────┼─────┼──────┼─────────┼─────────┼─────────┼─────────┼─────────┤
│ Bytes/Sec │ 0 B │ 0 B  │ 7.51 MB │ 71.9 MB │ 11.9 MB │ 14.7 MB │ 2.35 MB │
└───────────┴─────┴──────┴─────────┴─────────┴─────────┴─────────┴─────────┘

Req/Bytes counts sampled once per second.
# of samples: 60

5k requests in 60.34s, 716 MB read
Running 60s test @ http://localhost:3000/naver?query=macbook
3 connections


┌─────────┬──────┬───────┬───────┬───────┬──────────┬───────────┬─────────┐
│ Stat    │ 2.5% │ 50%   │ 97.5% │ 99%   │ Avg      │ Stdev     │ Max     │
├─────────┼──────┼───────┼───────┼───────┼──────────┼───────────┼─────────┤
│ Latency │ 2 ms │ 59 ms │ 70 ms │ 85 ms │ 48.13 ms │ 180.86 ms │ 9423 ms │
└─────────┴──────┴───────┴───────┴───────┴──────────┴───────────┴─────────┘
┌───────────┬─────┬──────┬─────────┬─────────┬─────────┬─────────┬─────────┐
│ Stat      │ 1%  │ 2.5% │ 50%     │ 97.5%   │ Avg     │ Stdev   │ Min     │
├───────────┼─────┼──────┼─────────┼─────────┼─────────┼─────────┼─────────┤
│ Req/Sec   │ 0   │ 0    │ 48      │ 303     │ 61.87   │ 58.7    │ 24      │
├───────────┼─────┼──────┼─────────┼─────────┼─────────┼─────────┼─────────┤
│ Bytes/Sec │ 0 B │ 0 B  │ 7.52 MB │ 47.4 MB │ 9.68 MB │ 9.19 MB │ 3.76 MB │
└───────────┴─────┴──────┴─────────┴─────────┴─────────┴─────────┴─────────┘

Req/Bytes counts sampled once per second.
# of samples: 60

3711 2xx responses, 1 non 2xx responses
4k requests in 60.28s, 581 MB read
Running 60s test @ http://localhost:3000/naver?query=lamp
3 connections


┌─────────┬──────┬───────┬───────┬───────┬──────────┬───────────┬─────────┐
│ Stat    │ 2.5% │ 50%   │ 97.5% │ 99%   │ Avg      │ Stdev     │ Max     │
├─────────┼──────┼───────┼───────┼───────┼──────────┼───────────┼─────────┤
│ Latency │ 8 ms │ 56 ms │ 70 ms │ 80 ms │ 46.76 ms │ 166.46 ms │ 6840 ms │
└─────────┴──────┴───────┴───────┴───────┴──────────┴───────────┴─────────┘
┌───────────┬─────┬──────┬─────────┬─────────┬─────────┬─────────┬─────────┐
│ Stat      │ 1%  │ 2.5% │ 50%     │ 97.5%   │ Avg     │ Stdev   │ Min     │
├───────────┼─────┼──────┼─────────┼─────────┼─────────┼─────────┼─────────┤
│ Req/Sec   │ 0   │ 0    │ 50      │ 282     │ 63.6    │ 57.7    │ 8       │
├───────────┼─────┼──────┼─────────┼─────────┼─────────┼─────────┼─────────┤
│ Bytes/Sec │ 0 B │ 0 B  │ 6.98 MB │ 39.4 MB │ 8.88 MB │ 8.06 MB │ 1.12 MB │
└───────────┴─────┴──────┴─────────┴─────────┴─────────┴─────────┴─────────┘

Req/Bytes counts sampled once per second.
# of samples: 60

4k requests in 60.24s, 533 MB read
Running 60s test @ http://localhost:3000/naver?query=samsung
3 connections


┌─────────┬───────┬───────┬───────┬───────┬──────────┬───────────┬─────────┐
│ Stat    │ 2.5%  │ 50%   │ 97.5% │ 99%   │ Avg      │ Stdev     │ Max     │
├─────────┼───────┼───────┼───────┼───────┼──────────┼───────────┼─────────┤
│ Latency │ 10 ms │ 57 ms │ 66 ms │ 70 ms │ 44.78 ms │ 114.66 ms │ 4572 ms │
└─────────┴───────┴───────┴───────┴───────┴──────────┴───────────┴─────────┘
┌───────────┬─────┬──────┬─────────┬─────────┬───────┬─────────┬────────┐
│ Stat      │ 1%  │ 2.5% │ 50%     │ 97.5%   │ Avg   │ Stdev   │ Min    │
├───────────┼─────┼──────┼─────────┼─────────┼───────┼─────────┼────────┤
│ Req/Sec   │ 0   │ 0    │ 49      │ 261     │ 66.42 │ 56.99   │ 16     │
├───────────┼─────┼──────┼─────────┼─────────┼───────┼─────────┼────────┤
│ Bytes/Sec │ 0 B │ 0 B  │ 8.89 MB │ 47.3 MB │ 12 MB │ 10.3 MB │ 2.9 MB │
└───────────┴─────┴──────┴─────────┴─────────┴───────┴─────────┴────────┘

Req/Bytes counts sampled once per second.
# of samples: 60

4k requests in 60.24s, 723 MB read
Running 60s test @ http://localhost:3000/naver?query=lamp
3 connections


┌─────────┬───────┬───────┬───────┬───────┬──────────┬───────────┬─────────┐
│ Stat    │ 2.5%  │ 50%   │ 97.5% │ 99%   │ Avg      │ Stdev     │ Max     │
├─────────┼───────┼───────┼───────┼───────┼──────────┼───────────┼─────────┤
│ Latency │ 54 ms │ 60 ms │ 70 ms │ 84 ms │ 65.58 ms │ 164.97 ms │ 5826 ms │
└─────────┴───────┴───────┴───────┴───────┴──────────┴───────────┴─────────┘
┌───────────┬─────┬──────┬─────────┬────────┬─────────┬─────────┬─────────┐
│ Stat      │ 1%  │ 2.5% │ 50%     │ 97.5%  │ Avg     │ Stdev   │ Min     │
├───────────┼─────┼──────┼─────────┼────────┼─────────┼─────────┼─────────┤
│ Req/Sec   │ 0   │ 0    │ 50      │ 53     │ 45.52   │ 12.38   │ 12      │
├───────────┼─────┼──────┼─────────┼────────┼─────────┼─────────┼─────────┤
│ Bytes/Sec │ 0 B │ 0 B  │ 6.98 MB │ 7.4 MB │ 6.35 MB │ 1.73 MB │ 1.68 MB │
└───────────┴─────┴──────┴─────────┴────────┴─────────┴─────────┴─────────┘

Req/Bytes counts sampled once per second.
# of samples: 60

3k requests in 60.25s, 381 MB read
Running 60s test @ http://localhost:3000/naver?query=nike
3 connections


┌─────────┬──────┬───────┬───────┬───────┬──────────┬───────────┬─────────┐
│ Stat    │ 2.5% │ 50%   │ 97.5% │ 99%   │ Avg      │ Stdev     │ Max     │
├─────────┼──────┼───────┼───────┼───────┼──────────┼───────────┼─────────┤
│ Latency │ 8 ms │ 58 ms │ 67 ms │ 77 ms │ 53.25 ms │ 118.94 ms │ 4344 ms │
└─────────┴──────┴───────┴───────┴───────┴──────────┴───────────┴─────────┘
┌───────────┬─────┬──────┬────────┬─────────┬────────┬─────────┬─────────┐
│ Stat      │ 1%  │ 2.5% │ 50%    │ 97.5%   │ Avg    │ Stdev   │ Min     │
├───────────┼─────┼──────┼────────┼─────────┼────────┼─────────┼─────────┤
│ Req/Sec   │ 0   │ 0    │ 50     │ 179     │ 55.9   │ 29.63   │ 48      │
├───────────┼─────┼──────┼────────┼─────────┼────────┼─────────┼─────────┤
│ Bytes/Sec │ 0 B │ 0 B  │ 6.8 MB │ 24.3 MB │ 7.6 MB │ 4.03 MB │ 6.53 MB │
└───────────┴─────┴──────┴────────┴─────────┴────────┴─────────┴─────────┘

Req/Bytes counts sampled once per second.
# of samples: 60

3k requests in 60.19s, 456 MB read
Running 60s test @ http://localhost:3000/naver?query=nike
3 connections


┌─────────┬───────┬───────┬───────┬───────┬──────────┬───────────┬─────────┐
│ Stat    │ 2.5%  │ 50%   │ 97.5% │ 99%   │ Avg      │ Stdev     │ Max     │
├─────────┼───────┼───────┼───────┼───────┼──────────┼───────────┼─────────┤
│ Latency │ 15 ms │ 60 ms │ 68 ms │ 78 ms │ 56.43 ms │ 130.81 ms │ 5249 ms │
└─────────┴───────┴───────┴───────┴───────┴──────────┴───────────┴─────────┘
┌───────────┬─────┬──────┬─────────┬───────┬─────────┬─────────┬─────────┐
│ Stat      │ 1%  │ 2.5% │ 50%     │ 97.5% │ Avg     │ Stdev   │ Min     │
├───────────┼─────┼──────┼─────────┼───────┼─────────┼─────────┼─────────┤
│ Req/Sec   │ 0   │ 0    │ 48      │ 125   │ 52.84   │ 23.23   │ 39      │
├───────────┼─────┼──────┼─────────┼───────┼─────────┼─────────┼─────────┤
│ Bytes/Sec │ 0 B │ 0 B  │ 6.53 MB │ 17 MB │ 7.18 MB │ 3.16 MB │ 5.31 MB │
└───────────┴─────┴──────┴─────────┴───────┴─────────┴─────────┴─────────┘

Req/Bytes counts sampled once per second.
# of samples: 60

3k requests in 60.25s, 431 MB read
Running 60s test @ http://localhost:3000/naver?query=chair
3 connections


┌─────────┬──────┬───────┬───────┬───────┬──────────┬───────────┬─────────┐
│ Stat    │ 2.5% │ 50%   │ 97.5% │ 99%   │ Avg      │ Stdev     │ Max     │
├─────────┼──────┼───────┼───────┼───────┼──────────┼───────────┼─────────┤
│ Latency │ 8 ms │ 59 ms │ 73 ms │ 79 ms │ 49.65 ms │ 142.05 ms │ 6116 ms │
└─────────┴──────┴───────┴───────┴───────┴──────────┴───────────┴─────────┘
┌───────────┬─────┬──────┬─────────┬─────────┬─────────┬─────────┬────────┐
│ Stat      │ 1%  │ 2.5% │ 50%     │ 97.5%   │ Avg     │ Stdev   │ Min    │
├───────────┼─────┼──────┼─────────┼─────────┼─────────┼─────────┼────────┤
│ Req/Sec   │ 0   │ 0    │ 48      │ 284     │ 59.9    │ 53.97   │ 2      │
├───────────┼─────┼──────┼─────────┼─────────┼─────────┼─────────┼────────┤
│ Bytes/Sec │ 0 B │ 0 B  │ 7.01 MB │ 41.5 MB │ 8.75 MB │ 7.88 MB │ 292 kB │
└───────────┴─────┴──────┴─────────┴─────────┴─────────┴─────────┴────────┘

Req/Bytes counts sampled once per second.
# of samples: 60

4k requests in 60.21s, 525 MB read
Running 60s test @ http://localhost:3000/naver?query=nike
3 connections


┌─────────┬──────┬───────┬───────┬───────┬──────────┬───────────┬─────────┐
│ Stat    │ 2.5% │ 50%   │ 97.5% │ 99%   │ Avg      │ Stdev     │ Max     │
├─────────┼──────┼───────┼───────┼───────┼──────────┼───────────┼─────────┤
│ Latency │ 8 ms │ 58 ms │ 66 ms │ 71 ms │ 45.96 ms │ 119.16 ms │ 4558 ms │
└─────────┴──────┴───────┴───────┴───────┴──────────┴───────────┴─────────┘
┌───────────┬─────┬──────┬─────────┬─────────┬─────────┬─────────┬────────┐
│ Stat      │ 1%  │ 2.5% │ 50%     │ 97.5%   │ Avg     │ Stdev   │ Min    │
├───────────┼─────┼──────┼─────────┼─────────┼─────────┼─────────┼────────┤
│ Req/Sec   │ 0   │ 0    │ 49      │ 297     │ 64.62   │ 59.84   │ 3      │
├───────────┼─────┼──────┼─────────┼─────────┼─────────┼─────────┼────────┤
│ Bytes/Sec │ 0 B │ 0 B  │ 6.66 MB │ 40.4 MB │ 8.79 MB │ 8.13 MB │ 408 kB │
└───────────┴─────┴──────┴─────────┴─────────┴─────────┴─────────┴────────┘

Req/Bytes counts sampled once per second.
# of samples: 60

4k requests in 60.15s, 527 MB read
Running 60s test @ http://localhost:3000/naver?query=nike
3 connections


┌─────────┬──────┬───────┬───────┬───────┬──────────┬───────────┬─────────┐
│ Stat    │ 2.5% │ 50%   │ 97.5% │ 99%   │ Avg      │ Stdev     │ Max     │
├─────────┼──────┼───────┼───────┼───────┼──────────┼───────────┼─────────┤
│ Latency │ 8 ms │ 56 ms │ 67 ms │ 73 ms │ 45.71 ms │ 170.35 ms │ 8102 ms │
└─────────┴──────┴───────┴───────┴───────┴──────────┴───────────┴─────────┘
┌───────────┬─────┬──────┬─────────┬─────────┬─────────┬─────────┬─────────┐
│ Stat      │ 1%  │ 2.5% │ 50%     │ 97.5%   │ Avg     │ Stdev   │ Min     │
├───────────┼─────┼──────┼─────────┼─────────┼─────────┼─────────┼─────────┤
│ Req/Sec   │ 0   │ 0    │ 49      │ 302     │ 65.09   │ 63.38   │ 13      │
├───────────┼─────┼──────┼─────────┼─────────┼─────────┼─────────┼─────────┤
│ Bytes/Sec │ 0 B │ 0 B  │ 6.66 MB │ 41.1 MB │ 8.85 MB │ 8.62 MB │ 1.77 MB │
└───────────┴─────┴──────┴─────────┴─────────┴─────────┴─────────┴─────────┘

Req/Bytes counts sampled once per second.
# of samples: 60

4k requests in 60.25s, 531 MB read
Running 60s test @ http://localhost:3000/naver?query=ps5
3 connections


┌─────────┬───────┬───────┬───────┬───────┬──────────┬───────────┬─────────┐
│ Stat    │ 2.5%  │ 50%   │ 97.5% │ 99%   │ Avg      │ Stdev     │ Max     │
├─────────┼───────┼───────┼───────┼───────┼──────────┼───────────┼─────────┤
│ Latency │ 54 ms │ 60 ms │ 70 ms │ 80 ms │ 67.91 ms │ 255.08 ms │ 9718 ms │
└─────────┴───────┴───────┴───────┴───────┴──────────┴───────────┴─────────┘
┌───────────┬─────┬──────┬─────────┬─────────┬─────────┬─────────┬─────────┐
│ Stat      │ 1%  │ 2.5% │ 50%     │ 97.5%   │ Avg     │ Stdev   │ Min     │
├───────────┼─────┼──────┼─────────┼─────────┼─────────┼─────────┼─────────┤
│ Req/Sec   │ 0   │ 0    │ 50      │ 53      │ 43.97   │ 13.75   │ 16      │
├───────────┼─────┼──────┼─────────┼─────────┼─────────┼─────────┼─────────┤
│ Bytes/Sec │ 0 B │ 0 B  │ 6.64 MB │ 7.04 MB │ 5.84 MB │ 1.82 MB │ 2.12 MB │
└───────────┴─────┴──────┴─────────┴─────────┴─────────┴─────────┴─────────┘

Req/Bytes counts sampled once per second.
# of samples: 60

3k requests in 60.25s, 350 MB read
Running 60s test @ http://localhost:3000/naver?query=ps5
3 connections


┌─────────┬──────┬───────┬───────┬───────┬──────────┬───────────┬─────────┐
│ Stat    │ 2.5% │ 50%   │ 97.5% │ 99%   │ Avg      │ Stdev     │ Max     │
├─────────┼──────┼───────┼───────┼───────┼──────────┼───────────┼─────────┤
│ Latency │ 4 ms │ 22 ms │ 69 ms │ 82 ms │ 34.15 ms │ 104.92 ms │ 6924 ms │
└─────────┴──────┴───────┴───────┴───────┴──────────┴───────────┴─────────┘
┌───────────┬─────┬──────┬─────────┬───────┬─────────┬─────────┬─────────┐
│ Stat      │ 1%  │ 2.5% │ 50%     │ 97.5% │ Avg     │ Stdev   │ Min     │
├───────────┼─────┼──────┼─────────┼───────┼─────────┼─────────┼─────────┤
│ Req/Sec   │ 0   │ 0    │ 48      │ 535   │ 77.17   │ 116.43  │ 8       │
├───────────┼─────┼──────┼─────────┼───────┼─────────┼─────────┼─────────┤
│ Bytes/Sec │ 0 B │ 0 B  │ 6.37 MB │ 71 MB │ 10.2 MB │ 15.5 MB │ 1.06 MB │
└───────────┴─────┴──────┴─────────┴───────┴─────────┴─────────┴─────────┘

Req/Bytes counts sampled once per second.
# of samples: 60

5k requests in 60.25s, 615 MB read
2 errors (2 timeouts)
Running 60s test @ http://localhost:3000/naver?query=ps5
3 connections


┌─────────┬──────┬───────┬───────┬───────┬──────────┬───────────┬─────────┐
│ Stat    │ 2.5% │ 50%   │ 97.5% │ 99%   │ Avg      │ Stdev     │ Max     │
├─────────┼──────┼───────┼───────┼───────┼──────────┼───────────┼─────────┤
│ Latency │ 6 ms │ 60 ms │ 71 ms │ 77 ms │ 55.96 ms │ 192.56 ms │ 9084 ms │
└─────────┴──────┴───────┴───────┴───────┴──────────┴───────────┴─────────┘
┌───────────┬─────┬──────┬─────────┬─────────┬─────────┬─────────┬─────────┐
│ Stat      │ 1%  │ 2.5% │ 50%     │ 97.5%   │ Avg     │ Stdev   │ Min     │
├───────────┼─────┼──────┼─────────┼─────────┼─────────┼─────────┼─────────┤
│ Req/Sec   │ 0   │ 0    │ 48      │ 151     │ 53.27   │ 28.29   │ 24      │
├───────────┼─────┼──────┼─────────┼─────────┼─────────┼─────────┼─────────┤
│ Bytes/Sec │ 0 B │ 0 B  │ 6.38 MB │ 20.1 MB │ 7.07 MB │ 3.76 MB │ 3.19 MB │
└───────────┴─────┴──────┴─────────┴─────────┴─────────┴─────────┴─────────┘

Req/Bytes counts sampled once per second.
# of samples: 60

3k requests in 60.24s, 424 MB read
Running 60s test @ http://localhost:3000/naver?query=samsung
3 connections


┌─────────┬──────┬───────┬───────┬───────┬──────────┬───────────┬─────────┐
│ Stat    │ 2.5% │ 50%   │ 97.5% │ 99%   │ Avg      │ Stdev     │ Max     │
├─────────┼──────┼───────┼───────┼───────┼──────────┼───────────┼─────────┤
│ Latency │ 9 ms │ 60 ms │ 68 ms │ 76 ms │ 49.75 ms │ 152.11 ms │ 7074 ms │
└─────────┴──────┴───────┴───────┴───────┴──────────┴───────────┴─────────┘
┌───────────┬─────┬──────┬─────────┬─────────┬─────────┬─────────┬─────────┐
│ Stat      │ 1%  │ 2.5% │ 50%     │ 97.5%   │ Avg     │ Stdev   │ Min     │
├───────────┼─────┼──────┼─────────┼─────────┼─────────┼─────────┼─────────┤
│ Req/Sec   │ 0   │ 0    │ 47      │ 279     │ 59.82   │ 54.57   │ 7       │
├───────────┼─────┼──────┼─────────┼─────────┼─────────┼─────────┼─────────┤
│ Bytes/Sec │ 0 B │ 0 B  │ 8.57 MB │ 50.9 MB │ 10.9 MB │ 9.95 MB │ 1.27 MB │
└───────────┴─────┴──────┴─────────┴─────────┴─────────┴─────────┴─────────┘

Req/Bytes counts sampled once per second.
# of samples: 60

4k requests in 60.21s, 654 MB read
Running 60s test @ http://localhost:3000/naver?query=samsung
3 connections


┌─────────┬───────┬───────┬───────┬───────┬───────┬───────────┬─────────┐
│ Stat    │ 2.5%  │ 50%   │ 97.5% │ 99%   │ Avg   │ Stdev     │ Max     │
├─────────┼───────┼───────┼───────┼───────┼───────┼───────────┼─────────┤
│ Latency │ 10 ms │ 58 ms │ 67 ms │ 75 ms │ 50 ms │ 152.36 ms │ 7363 ms │
└─────────┴───────┴───────┴───────┴───────┴───────┴───────────┴─────────┘
┌───────────┬─────┬──────┬─────────┬─────────┬─────────┬────────┬────────┐
│ Stat      │ 1%  │ 2.5% │ 50%     │ 97.5%   │ Avg     │ Stdev  │ Min    │
├───────────┼─────┼──────┼─────────┼─────────┼─────────┼────────┼────────┤
│ Req/Sec   │ 0   │ 0    │ 48      │ 264     │ 59.57   │ 50.47  │ 3      │
├───────────┼─────┼──────┼─────────┼─────────┼─────────┼────────┼────────┤
│ Bytes/Sec │ 0 B │ 0 B  │ 8.67 MB │ 47.6 MB │ 10.8 MB │ 9.1 MB │ 547 kB │
└───────────┴─────┴──────┴─────────┴─────────┴─────────┴────────┴────────┘

Req/Bytes counts sampled once per second.
# of samples: 60

4k requests in 60.22s, 645 MB read
Running 60s test @ http://localhost:3000/naver?query=macbook
3 connections


┌─────────┬───────┬───────┬───────┬───────┬──────────┬───────────┬─────────┐
│ Stat    │ 2.5%  │ 50%   │ 97.5% │ 99%   │ Avg      │ Stdev     │ Max     │
├─────────┼───────┼───────┼───────┼───────┼──────────┼───────────┼─────────┤
│ Latency │ 10 ms │ 62 ms │ 73 ms │ 87 ms │ 62.38 ms │ 228.67 ms │ 9215 ms │
└─────────┴───────┴───────┴───────┴───────┴──────────┴───────────┴─────────┘
┌───────────┬─────┬──────┬─────────┬─────────┬─────────┬────────┬─────────┐
│ Stat      │ 1%  │ 2.5% │ 50%     │ 97.5%   │ Avg     │ Stdev  │ Min     │
├───────────┼─────┼──────┼─────────┼─────────┼─────────┼────────┼─────────┤
│ Req/Sec   │ 0   │ 0    │ 48      │ 114     │ 45.22   │ 34.51  │ 8       │
├───────────┼─────┼──────┼─────────┼─────────┼─────────┼────────┼─────────┤
│ Bytes/Sec │ 0 B │ 0 B  │ 7.52 MB │ 17.9 MB │ 7.08 MB │ 5.4 MB │ 1.25 MB │
└───────────┴─────┴──────┴─────────┴─────────┴─────────┴────────┴─────────┘

Req/Bytes counts sampled once per second.
# of samples: 60

3k requests in 60.27s, 425 MB read
1 errors (1 timeouts)
Running 60s test @ http://localhost:3000/naver?query=nike
3 connections


┌─────────┬───────┬───────┬───────┬───────┬──────────┬───────────┬─────────┐
│ Stat    │ 2.5%  │ 50%   │ 97.5% │ 99%   │ Avg      │ Stdev     │ Max     │
├─────────┼───────┼───────┼───────┼───────┼──────────┼───────────┼─────────┤
│ Latency │ 53 ms │ 60 ms │ 68 ms │ 80 ms │ 69.48 ms │ 280.48 ms │ 9389 ms │
└─────────┴───────┴───────┴───────┴───────┴──────────┴───────────┴─────────┘
┌───────────┬─────┬──────┬─────────┬─────────┬─────────┬─────────┬─────────┐
│ Stat      │ 1%  │ 2.5% │ 50%     │ 97.5%   │ Avg     │ Stdev   │ Min     │
├───────────┼─────┼──────┼─────────┼─────────┼─────────┼─────────┼─────────┤
│ Req/Sec   │ 0   │ 0    │ 49      │ 53      │ 43.02   │ 16.36   │ 18      │
├───────────┼─────┼──────┼─────────┼─────────┼─────────┼─────────┼─────────┤
│ Bytes/Sec │ 0 B │ 0 B  │ 6.67 MB │ 7.21 MB │ 5.85 MB │ 2.23 MB │ 2.45 MB │
└───────────┴─────┴──────┴─────────┴─────────┴─────────┴─────────┴─────────┘

Req/Bytes counts sampled once per second.
# of samples: 60

3k requests in 60.28s, 351 MB read
Running 60s test @ http://localhost:3000/naver?query=ps5
3 connections


┌─────────┬──────┬───────┬───────┬───────┬──────────┬──────────┬─────────┐
│ Stat    │ 2.5% │ 50%   │ 97.5% │ 99%   │ Avg      │ Stdev    │ Max     │
├─────────┼──────┼───────┼───────┼───────┼──────────┼──────────┼─────────┤
│ Latency │ 8 ms │ 58 ms │ 69 ms │ 76 ms │ 47.61 ms │ 190.9 ms │ 8974 ms │
└─────────┴──────┴───────┴───────┴───────┴──────────┴──────────┴─────────┘
┌───────────┬─────┬──────┬─────────┬─────────┬─────────┬─────────┬─────────┐
│ Stat      │ 1%  │ 2.5% │ 50%     │ 97.5%   │ Avg     │ Stdev   │ Min     │
├───────────┼─────┼──────┼─────────┼─────────┼─────────┼─────────┼─────────┤
│ Req/Sec   │ 0   │ 0    │ 48      │ 298     │ 62.4    │ 61.61   │ 15      │
├───────────┼─────┼──────┼─────────┼─────────┼─────────┼─────────┼─────────┤
│ Bytes/Sec │ 0 B │ 0 B  │ 6.37 MB │ 39.6 MB │ 8.29 MB │ 8.18 MB │ 1.99 MB │
└───────────┴─────┴──────┴─────────┴─────────┴─────────┴─────────┴─────────┘

Req/Bytes counts sampled once per second.
# of samples: 60

4k requests in 60.17s, 497 MB read
Running 60s test @ http://localhost:3000/naver?query=ps5
3 connections


┌─────────┬──────┬───────┬───────┬───────┬─────────┬──────────┬─────────┐
│ Stat    │ 2.5% │ 50%   │ 97.5% │ 99%   │ Avg     │ Stdev    │ Max     │
├─────────┼──────┼───────┼───────┼───────┼─────────┼──────────┼─────────┤
│ Latency │ 8 ms │ 58 ms │ 71 ms │ 83 ms │ 46.4 ms │ 97.77 ms │ 3893 ms │
└─────────┴──────┴───────┴───────┴───────┴─────────┴──────────┴─────────┘
┌───────────┬─────┬──────┬─────────┬─────────┬─────────┬─────────┬─────────┐
│ Stat      │ 1%  │ 2.5% │ 50%     │ 97.5%   │ Avg     │ Stdev   │ Min     │
├───────────┼─────┼──────┼─────────┼─────────┼─────────┼─────────┼─────────┤
│ Req/Sec   │ 0   │ 0    │ 48      │ 297     │ 64.29   │ 59.64   │ 9       │
├───────────┼─────┼──────┼─────────┼─────────┼─────────┼─────────┼─────────┤
│ Bytes/Sec │ 0 B │ 0 B  │ 6.38 MB │ 39.5 MB │ 8.54 MB │ 7.92 MB │ 1.19 MB │
└───────────┴─────┴──────┴─────────┴─────────┴─────────┴─────────┴─────────┘

Req/Bytes counts sampled once per second.
# of samples: 60

4k requests in 60.38s, 512 MB read
Running 60s test @ http://localhost:3000/naver?query=nike
3 connections


┌─────────┬──────┬───────┬───────┬───────┬──────────┬───────────┬─────────┐
│ Stat    │ 2.5% │ 50%   │ 97.5% │ 99%   │ Avg      │ Stdev     │ Max     │
├─────────┼──────┼───────┼───────┼───────┼──────────┼───────────┼─────────┤
│ Latency │ 8 ms │ 57 ms │ 69 ms │ 80 ms │ 44.91 ms │ 135.04 ms │ 7107 ms │
└─────────┴──────┴───────┴───────┴───────┴──────────┴───────────┴─────────┘
┌───────────┬─────┬──────┬─────────┬─────────┬─────────┬────────┬─────────┐
│ Stat      │ 1%  │ 2.5% │ 50%     │ 97.5%   │ Avg     │ Stdev  │ Min     │
├───────────┼─────┼──────┼─────────┼─────────┼─────────┼────────┼─────────┤
│ Req/Sec   │ 0   │ 0    │ 48      │ 310     │ 62.57   │ 60.24  │ 15      │
├───────────┼─────┼──────┼─────────┼─────────┼─────────┼────────┼─────────┤
│ Bytes/Sec │ 0 B │ 0 B  │ 6.54 MB │ 42.2 MB │ 8.52 MB │ 8.2 MB │ 2.04 MB │
└───────────┴─────┴──────┴─────────┴─────────┴─────────┴────────┴─────────┘

Req/Bytes counts sampled once per second.
# of samples: 60

4k requests in 60.33s, 511 MB read
1 errors (1 timeouts)
Running 60s test @ http://localhost:3000/naver?query=macbook
3 connections


┌─────────┬──────┬───────┬───────┬───────┬──────────┬───────────┬─────────┐
│ Stat    │ 2.5% │ 50%   │ 97.5% │ 99%   │ Avg      │ Stdev     │ Max     │
├─────────┼──────┼───────┼───────┼───────┼──────────┼───────────┼─────────┤
│ Latency │ 9 ms │ 60 ms │ 83 ms │ 94 ms │ 47.64 ms │ 128.66 ms │ 5659 ms │
└─────────┴──────┴───────┴───────┴───────┴──────────┴───────────┴─────────┘
┌───────────┬─────┬──────┬─────────┬─────────┬────────┬─────────┬─────────┐
│ Stat      │ 1%  │ 2.5% │ 50%     │ 97.5%   │ Avg    │ Stdev   │ Min     │
├───────────┼─────┼──────┼─────────┼─────────┼────────┼─────────┼─────────┤
│ Req/Sec   │ 0   │ 0    │ 47      │ 273     │ 62.6   │ 56.77   │ 8       │
├───────────┼─────┼──────┼─────────┼─────────┼────────┼─────────┼─────────┤
│ Bytes/Sec │ 0 B │ 0 B  │ 7.36 MB │ 42.8 MB │ 9.8 MB │ 8.89 MB │ 1.25 MB │
└───────────┴─────┴──────┴─────────┴─────────┴────────┴─────────┴─────────┘

Req/Bytes counts sampled once per second.
# of samples: 60

4k requests in 60.36s, 588 MB read
Running 60s test @ http://localhost:3000/naver?query=chair
3 connections


┌─────────┬──────┬───────┬───────┬───────┬──────────┬──────────┬─────────┐
│ Stat    │ 2.5% │ 50%   │ 97.5% │ 99%   │ Avg      │ Stdev    │ Max     │
├─────────┼──────┼───────┼───────┼───────┼──────────┼──────────┼─────────┤
│ Latency │ 9 ms │ 61 ms │ 69 ms │ 73 ms │ 53.53 ms │ 95.53 ms │ 3863 ms │
└─────────┴──────┴───────┴───────┴───────┴──────────┴──────────┴─────────┘
┌───────────┬─────┬─────────┬─────────┬─────────┬─────────┬─────────┬─────────┐
│ Stat      │ 1%  │ 2.5%    │ 50%     │ 97.5%   │ Avg     │ Stdev   │ Min     │
├───────────┼─────┼─────────┼─────────┼─────────┼─────────┼─────────┼─────────┤
│ Req/Sec   │ 0   │ 9       │ 48      │ 272     │ 55.82   │ 45.12   │ 9       │
├───────────┼─────┼─────────┼─────────┼─────────┼─────────┼─────────┼─────────┤
│ Bytes/Sec │ 0 B │ 1.32 MB │ 7.02 MB │ 39.8 MB │ 8.16 MB │ 6.59 MB │ 1.31 MB │
└───────────┴─────┴─────────┴─────────┴─────────┴─────────┴─────────┴─────────┘

Req/Bytes counts sampled once per second.
# of samples: 60

3k requests in 60.39s, 489 MB read
Running 60s test @ http://localhost:3000/naver?query=samsung
3 connections


┌─────────┬───────┬───────┬───────┬───────┬──────────┬───────────┬─────────┐
│ Stat    │ 2.5%  │ 50%   │ 97.5% │ 99%   │ Avg      │ Stdev     │ Max     │
├─────────┼───────┼───────┼───────┼───────┼──────────┼───────────┼─────────┤
│ Latency │ 18 ms │ 62 ms │ 75 ms │ 92 ms │ 58.33 ms │ 109.58 ms │ 4297 ms │
└─────────┴───────┴───────┴───────┴───────┴──────────┴───────────┴─────────┘
┌───────────┬─────┬──────┬─────────┬─────────┬─────────┬─────────┬─────────┐
│ Stat      │ 1%  │ 2.5% │ 50%     │ 97.5%   │ Avg     │ Stdev   │ Min     │
├───────────┼─────┼──────┼─────────┼─────────┼─────────┼─────────┼─────────┤
│ Req/Sec   │ 0   │ 0    │ 47      │ 151     │ 48.37   │ 26.24   │ 22      │
├───────────┼─────┼──────┼─────────┼─────────┼─────────┼─────────┼─────────┤
│ Bytes/Sec │ 0 B │ 0 B  │ 8.49 MB │ 27.5 MB │ 8.74 MB │ 4.78 MB │ 3.97 MB │
└───────────┴─────┴──────┴─────────┴─────────┴─────────┴─────────┴─────────┘

Req/Bytes counts sampled once per second.
# of samples: 60

3k requests in 60.34s, 525 MB read
1 errors (1 timeouts)
Running 60s test @ http://localhost:3000/naver?query=nike
3 connections


┌─────────┬───────┬───────┬───────┬───────┬──────────┬───────────┬─────────┐
│ Stat    │ 2.5%  │ 50%   │ 97.5% │ 99%   │ Avg      │ Stdev     │ Max     │
├─────────┼───────┼───────┼───────┼───────┼──────────┼───────────┼─────────┤
│ Latency │ 10 ms │ 62 ms │ 73 ms │ 88 ms │ 65.62 ms │ 218.45 ms │ 8459 ms │
└─────────┴───────┴───────┴───────┴───────┴──────────┴───────────┴─────────┘
┌───────────┬─────┬──────┬─────────┬─────────┬─────────┬─────────┬─────────┐
│ Stat      │ 1%  │ 2.5% │ 50%     │ 97.5%   │ Avg     │ Stdev   │ Min     │
├───────────┼─────┼──────┼─────────┼─────────┼─────────┼─────────┼─────────┤
│ Req/Sec   │ 0   │ 0    │ 47      │ 50      │ 37.97   │ 28.09   │ 35      │
├───────────┼─────┼──────┼─────────┼─────────┼─────────┼─────────┼─────────┤
│ Bytes/Sec │ 0 B │ 0 B  │ 7.58 MB │ 8.06 MB │ 6.12 MB │ 4.52 MB │ 5.63 MB │
└───────────┴─────┴──────┴─────────┴─────────┴─────────┴─────────┴─────────┘

Req/Bytes counts sampled once per second.
# of samples: 60

2k requests in 60.31s, 367 MB read
3 errors (3 timeouts)
Running 60s test @ http://localhost:3000/naver?query=nike
3 connections


┌─────────┬──────┬───────┬───────┬───────┬──────────┬───────────┬─────────┐
│ Stat    │ 2.5% │ 50%   │ 97.5% │ 99%   │ Avg      │ Stdev     │ Max     │
├─────────┼──────┼───────┼───────┼───────┼──────────┼───────────┼─────────┤
│ Latency │ 9 ms │ 61 ms │ 71 ms │ 82 ms │ 52.57 ms │ 129.97 ms │ 7086 ms │
└─────────┴──────┴───────┴───────┴───────┴──────────┴───────────┴─────────┘
┌───────────┬─────┬──────┬─────────┬─────────┬─────────┬─────────┬────────┐
│ Stat      │ 1%  │ 2.5% │ 50%     │ 97.5%   │ Avg     │ Stdev   │ Min    │
├───────────┼─────┼──────┼─────────┼─────────┼─────────┼─────────┼────────┤
│ Req/Sec   │ 0   │ 0    │ 48      │ 277     │ 50.4    │ 48.18   │ 6      │
├───────────┼─────┼──────┼─────────┼─────────┼─────────┼─────────┼────────┤
│ Bytes/Sec │ 0 B │ 0 B  │ 7.74 MB │ 44.7 MB │ 8.12 MB │ 7.77 MB │ 967 kB │
└───────────┴─────┴──────┴─────────┴─────────┴─────────┴─────────┴────────┘

Req/Bytes counts sampled once per second.
# of samples: 60

3k requests in 60.24s, 487 MB read
2 errors (2 timeouts)
Running 60s test @ http://localhost:3000/naver?query=chair
3 connections


┌─────────┬──────┬───────┬───────┬───────┬──────────┬───────────┬─────────┐
│ Stat    │ 2.5% │ 50%   │ 97.5% │ 99%   │ Avg      │ Stdev     │ Max     │
├─────────┼──────┼───────┼───────┼───────┼──────────┼───────────┼─────────┤
│ Latency │ 8 ms │ 58 ms │ 67 ms │ 75 ms │ 45.45 ms │ 130.54 ms │ 6868 ms │
└─────────┴──────┴───────┴───────┴───────┴──────────┴───────────┴─────────┘
┌───────────┬─────┬──────┬─────────┬─────────┬─────────┬─────────┬────────┐
│ Stat      │ 1%  │ 2.5% │ 50%     │ 97.5%   │ Avg     │ Stdev   │ Min    │
├───────────┼─────┼──────┼─────────┼─────────┼─────────┼─────────┼────────┤
│ Req/Sec   │ 0   │ 0    │ 48      │ 292     │ 61.8    │ 61.15   │ 4      │
├───────────┼─────┼──────┼─────────┼─────────┼─────────┼─────────┼────────┤
│ Bytes/Sec │ 0 B │ 0 B  │ 7.02 MB │ 42.7 MB │ 9.03 MB │ 8.93 MB │ 584 kB │
└───────────┴─────┴──────┴─────────┴─────────┴─────────┴─────────┴────────┘

Req/Bytes counts sampled once per second.
# of samples: 60

4k requests in 60.24s, 542 MB read
1 errors (1 timeouts)
Running 60s test @ http://localhost:3000/naver?query=chair
3 connections


┌─────────┬──────┬───────┬───────┬───────┬──────────┬───────────┬─────────┐
│ Stat    │ 2.5% │ 50%   │ 97.5% │ 99%   │ Avg      │ Stdev     │ Max     │
├─────────┼──────┼───────┼───────┼───────┼──────────┼───────────┼─────────┤
│ Latency │ 8 ms │ 58 ms │ 69 ms │ 76 ms │ 43.44 ms │ 110.73 ms │ 5243 ms │
└─────────┴──────┴───────┴───────┴───────┴──────────┴───────────┴─────────┘
┌───────────┬─────┬─────────┬─────────┬─────────┬─────────┬─────────┬─────────┐
│ Stat      │ 1%  │ 2.5%    │ 50%     │ 97.5%   │ Avg     │ Stdev   │ Min     │
├───────────┼─────┼─────────┼─────────┼─────────┼─────────┼─────────┼─────────┤
│ Req/Sec   │ 0   │ 12      │ 48      │ 297     │ 68.44   │ 64.09   │ 12      │
├───────────┼─────┼─────────┼─────────┼─────────┼─────────┼─────────┼─────────┤
│ Bytes/Sec │ 0 B │ 1.75 MB │ 7.01 MB │ 43.4 MB │ 9.99 MB │ 9.36 MB │ 1.75 MB │
└───────────┴─────┴─────────┴─────────┴─────────┴─────────┴─────────┴─────────┘

Req/Bytes counts sampled once per second.
# of samples: 60

4k requests in 60.25s, 599 MB read
Running 60s test @ http://localhost:3000/naver?query=chair
3 connections


┌─────────┬───────┬───────┬───────┬───────┬──────────┬───────────┬─────────┐
│ Stat    │ 2.5%  │ 50%   │ 97.5% │ 99%   │ Avg      │ Stdev     │ Max     │
├─────────┼───────┼───────┼───────┼───────┼──────────┼───────────┼─────────┤
│ Latency │ 56 ms │ 61 ms │ 79 ms │ 91 ms │ 67.04 ms │ 132.35 ms │ 4484 ms │
└─────────┴───────┴───────┴───────┴───────┴──────────┴───────────┴─────────┘
┌───────────┬─────┬──────┬─────────┬─────────┬────────┬─────────┬────────┐
│ Stat      │ 1%  │ 2.5% │ 50%     │ 97.5%   │ Avg    │ Stdev   │ Min    │
├───────────┼─────┼──────┼─────────┼─────────┼────────┼─────────┼────────┤
│ Req/Sec   │ 0   │ 0    │ 48      │ 51      │ 44.49  │ 11.03   │ 6      │
├───────────┼─────┼──────┼─────────┼─────────┼────────┼─────────┼────────┤
│ Bytes/Sec │ 0 B │ 0 B  │ 7.02 MB │ 7.45 MB │ 6.5 MB │ 1.61 MB │ 877 kB │
└───────────┴─────┴──────┴─────────┴─────────┴────────┴─────────┴────────┘

Req/Bytes counts sampled once per second.
# of samples: 60

3k requests in 60.19s, 390 MB read
Running 60s test @ http://localhost:3000/naver?query=nike
3 connections


┌─────────┬──────┬───────┬───────┬───────┬──────────┬──────────┬─────────┐
│ Stat    │ 2.5% │ 50%   │ 97.5% │ 99%   │ Avg      │ Stdev    │ Max     │
├─────────┼──────┼───────┼───────┼───────┼──────────┼──────────┼─────────┤
│ Latency │ 8 ms │ 59 ms │ 80 ms │ 94 ms │ 48.35 ms │ 128.7 ms │ 4647 ms │
└─────────┴──────┴───────┴───────┴───────┴──────────┴──────────┴─────────┘
┌───────────┬─────┬──────┬─────────┬─────────┬─────────┬─────────┬─────────┐
│ Stat      │ 1%  │ 2.5% │ 50%     │ 97.5%   │ Avg     │ Stdev   │ Min     │
├───────────┼─────┼──────┼─────────┼─────────┼─────────┼─────────┼─────────┤
│ Req/Sec   │ 0   │ 0    │ 47      │ 280     │ 61.55   │ 54.17   │ 38      │
├───────────┼─────┼──────┼─────────┼─────────┼─────────┼─────────┼─────────┤
│ Bytes/Sec │ 0 B │ 0 B  │ 7.57 MB │ 45.1 MB │ 9.91 MB │ 8.72 MB │ 6.12 MB │
└───────────┴─────┴──────┴─────────┴─────────┴─────────┴─────────┴─────────┘

Req/Bytes counts sampled once per second.
# of samples: 60

4k requests in 60.26s, 595 MB read
Running 58s test @ http://localhost:3000/naver?query=macbook
3 connections


┌─────────┬──────┬───────┬───────┬───────┬──────────┬──────────┬─────────┐
│ Stat    │ 2.5% │ 50%   │ 97.5% │ 99%   │ Avg      │ Stdev    │ Max     │
├─────────┼──────┼───────┼───────┼───────┼──────────┼──────────┼─────────┤
│ Latency │ 8 ms │ 57 ms │ 67 ms │ 77 ms │ 47.03 ms │ 126.8 ms │ 4899 ms │
└─────────┴──────┴───────┴───────┴───────┴──────────┴──────────┴─────────┘
┌───────────┬─────┬──────┬─────────┬───────┬────────┬────────┬─────────┐
│ Stat      │ 1%  │ 2.5% │ 50%     │ 97.5% │ Avg    │ Stdev  │ Min     │
├───────────┼─────┼──────┼─────────┼───────┼────────┼────────┼─────────┤
│ Req/Sec   │ 0   │ 0    │ 49      │ 281   │ 63.26  │ 54.94  │ 8       │
├───────────┼─────┼──────┼─────────┼───────┼────────┼────────┼─────────┤
│ Bytes/Sec │ 0 B │ 0 B  │ 7.68 MB │ 44 MB │ 9.9 MB │ 8.6 MB │ 1.25 MB │
└───────────┴─────┴──────┴─────────┴───────┴────────┴────────┴─────────┘

Req/Bytes counts sampled once per second.
# of samples: 58

4k requests in 58.23s, 574 MB read
